[21:06:35.805] Global cache location '/home/lesliebinbin/.cache/typescript/4.1', safe file path '/home/lesliebinbin/.nvm/versions/node/v14.15.4/lib/node_modules/typescript/lib/typingSafeList.json', types map path /home/lesliebinbin/.nvm/versions/node/v14.15.4/lib/node_modules/typescript/lib/typesMap.json
[21:06:35.806] Processing cache location '/home/lesliebinbin/.cache/typescript/4.1'
[21:06:35.806] Trying to find '/home/lesliebinbin/.cache/typescript/4.1/package.json'...
[21:06:35.809] Loaded content of '/home/lesliebinbin/.cache/typescript/4.1/package.json': {"private":true,"dependencies":{"types-registry":"^0.1.534"},"devDependencies":{"@types/accepts":"^1.3.5","@types/ajv-errors":"^1.0.3","@types/ansi-styles":"^3.2.1","@types/anymatch":"^1.3.1","@types/argparse":"^2.0.5","@types/arr-diff":"^4.0.0","@types/arr-union":"^3.1.0","@types/array-unique":"^0.3.0","@types/asn1":"^0.2.0","@types/assert":"^1.5.4","@types/assert-plus":"^1.0.4","@types/async":"^3.2.5","@types/atob":"^2.1.2","@types/aws4":"^1.5.1","@types/balanced-match":"^1.0.1","@types/big.js":"^6.0.2","@types/bluebird":"^3.5.33","@types/bn.js":"^5.1.0","@types/body-parser":"^1.19.0","@types/bonjour":"^3.5.8","@types/boolbase":"^1.0.0","@types/brace-expansion":"^1.1.0","@types/braces":"^3.0.0","@types/brorand":"^1.0.30","@types/buffer-from":"^1.1.0","@types/buffer-json":"^2.0.0","@types/buffer-xor":"^2.0.0","@types/bytes":"^3.1.0","@types/cacache":"^15.0.0","@types/call-bind":"^1.0.0","@types/caniuse-api":"^3.0.1","@types/caniuse-lite":"^1.0.0","@types/case-sensitive-paths-webpack-plugin":"^2.1.4","@types/caseless":"^0.12.2","@types/chardet":"^0.8.0","@types/check-types":"^7.3.1","@types/chownr":"^1.0.0","@types/ci-info":"^2.0.0","@types/cipher-base":"^1.0.0","@types/clean-css":"^4.2.3","@types/cli-spinners":"^1.3.0","@types/clone":"^2.1.0","@types/color":"^3.0.1","@types/color-convert":"^2.0.0","@types/color-name":"^1.1.1","@types/color-string":"^1.5.0","@types/combined-stream":"^1.0.2","@types/commondir":"^1.0.0","@types/component-emitter":"^1.2.10","@types/compressible":"^2.0.0","@types/compression":"^1.7.0","@types/concat-map":"0.0.0","@types/concat-stream":"^1.6.0","@types/connect-history-api-fallback":"^1.3.3","@types/consolidate":"^0.14.0","@types/content-disposition":"^0.5.3","@types/content-type":"^1.1.3","@types/convert-source-map":"^1.5.1","@types/cookie":"^0.4.0","@types/cookie-signature":"^1.0.3","@types/copy-webpack-plugin":"^6.4.0","@types/core-js":"^2.5.4","@types/create-hash":"^1.2.2","@types/create-hmac":"^1.1.0","@types/cross-spawn":"^6.0.2","@types/css-declaration-sorter":"^5.1.0","@types/css-tree":"^1.0.5","@types/cssesc":"^3.0.0","@types/cssnano":"^4.0.0","@types/csso":"^3.5.1","@types/dashdash":"^1.14.0","@types/debug":"^4.1.5","@types/decode-uri-component":"^0.2.0","@types/deep-equal":"^1.0.1","@types/default-gateway":"^3.0.1","@types/defaults":"^1.0.3","@types/define-properties":"^1.1.3","@types/depd":"^1.1.32","@types/destroy":"^1.0.0","@types/detect-node":"^2.0.0","@types/diffie-hellman":"^5.0.0","@types/dir-glob":"^2.0.0","@types/doctrine":"0.0.3","@types/domhandler":"^2.4.1","@types/domutils":"^1.7.3","@types/duplexify":"^3.6.0","@types/ee-first":"^1.1.0","@types/ejs":"^3.0.6","@types/elliptic":"^6.4.12","@types/encodeurl":"^1.0.0","@types/end-of-stream":"^1.4.0","@types/enhanced-resolve":"^3.0.6","@types/entities":"^1.1.1","@types/es-abstract":"^1.17.2","@types/es-to-primitive":"^1.2.4","@types/escape-html":"^1.0.0","@types/eslint":"^7.2.6","@types/eslint-config-prettier":"^6.11.0","@types/eslint-plugin-prettier":"^3.1.0","@types/eslint-scope":"^3.7.0","@types/eslint-visitor-keys":"^1.0.0","@types/esprima":"^4.0.2","@types/esquery":"^1.0.1","@types/estraverse":"^5.1.0","@types/etag":"^1.8.0","@types/events":"^3.0.0","@types/eventsource":"^1.1.5","@types/express":"^4.17.11","@types/extend":"^3.0.1","@types/extsprintf":"^1.4.1","@types/fast-levenshtein":"0.0.1","@types/file-entry-cache":"^5.0.1","@types/file-loader":"^4.2.0","@types/finalhandler":"^1.1.0","@types/find-cache-dir":"^3.2.0","@types/flat-cache":"^2.0.0","@types/flush-write-stream":"^1.0.0","@types/follow-redirects":"^1.13.0","@types/forever-agent":"^0.6.0","@types/forwarded":"^0.1.0","@types/fresh":"^0.5.0","@types/from2":"^2.3.0","@types/fs-extra":"^9.0.8","@types/function-bind":"^1.1.6","@types/get-caller-file":"^1.0.0","@types/get-intrinsic":"^1.0.0","@types/get-value":"^3.0.1","@types/getpass":"^0.1.0","@types/glob":"^7.1.3","@types/glob-parent":"^5.1.0","@types/glob-to-regexp":"^0.4.0","@types/graceful-fs":"^4.1.5","@types/has":"^1.0.0","@types/has-symbols":"^1.0.0","@types/hash-sum":"^1.0.0","@types/he":"^1.1.1","@types/hex-color-regex":"^1.1.0","@types/hosted-git-info":"^3.0.1","@types/html-minifier":"^4.0.0","@types/html-webpack-plugin":"^3.2.4","@types/htmlparser2":"^3.10.2","@types/http-errors":"^1.8.0","@types/http-proxy":"^1.17.5","@types/http-proxy-middleware":"^0.19.3","@types/icss-utils":"^4.1.0","@types/iferr":"^1.0.2","@types/imurmurhash":"^0.1.1","@types/inherits":"0.0.30","@types/inquirer":"^7.3.1","@types/ip":"^1.1.0","@types/is-arguments":"^1.0.0","@types/is-buffer":"^2.0.0","@types/is-callable":"^1.1.0","@types/is-ci":"^2.0.0","@types/is-core-module":"^2.2.0","@types/is-date-object":"^1.0.1","@types/is-glob":"^4.0.1","@types/is-number":"^7.0.1","@types/is-regex":"^1.0.0","@types/is-typedarray":"^1.0.0","@types/is-windows":"^1.0.0","@types/isarray":"^2.0.0","@types/isexe":"^2.0.0","@types/isstream":"^0.1.0","@types/js-yaml":"^4.0.0","@types/jsbn":"^1.2.29","@types/jsesc":"^2.5.1","@types/json-parse-better-errors":"^1.0.0","@types/json-schema":"^7.0.7","@types/json-stringify-safe":"^5.0.0","@types/json3":"^3.3.2","@types/jsonfile":"^6.0.0","@types/kind-of":"^6.0.0","@types/loader-runner":"^2.2.3","@types/loader-utils":"^2.0.1","@types/lodash":"^4.14.168","@types/lodash.camelcase":"^4.3.6","@types/lodash.debounce":"^4.0.6","@types/lodash.defaultsdeep":"^4.6.6","@types/lodash.kebabcase":"^4.1.6","@types/lodash.mapvalues":"^4.6.6","@types/lodash.memoize":"^4.1.6","@types/lodash.transform":"^4.6.6","@types/lodash.uniq":"^4.5.6","@types/lru-cache":"^5.1.0","@types/media-typer":"^1.1.0","@types/memory-fs":"^0.3.2","@types/merge-descriptors":"^1.0.1","@types/merge-stream":"^1.1.2","@types/merge2":"^1.3.0","@types/methods":"^1.1.1","@types/micromatch":"^4.0.1","@types/mime":"^2.0.3","@types/mime-db":"^1.43.0","@types/mime-types":"^2.1.0","@types/mini-css-extract-plugin":"^1.2.2","@types/minimalistic-assert":"^1.0.1","@types/minimatch":"^3.0.3","@types/minimist":"^1.2.1","@types/minipass":"^2.2.0","@types/mkdirp":"^1.0.1","@types/move-concurrently":"^1.0.2","@types/ms":"^0.7.31","@types/mute-stream":"0.0.0","@types/mz":"^2.7.3","@types/natural-compare":"^1.4.0","@types/negotiator":"^0.6.1","@types/nice-try":"^2.1.0","@types/node-forge":"^0.9.7","@types/node-ipc":"^9.1.3","@types/normalize-package-data":"^2.4.0","@types/normalize-path":"^3.0.0","@types/num2fraction":"^1.2.0","@types/object-assign":"^4.0.30","@types/object-hash":"^1.3.4","@types/object-inspect":"^1.8.0","@types/object-keys":"^1.0.1","@types/object.getownpropertydescriptors":"^2.1.1","@types/object.pick":"^1.3.0","@types/on-finished":"^2.3.1","@types/on-headers":"^1.0.0","@types/once":"^1.4.0","@types/opener":"^1.4.0","@types/original":"^1.0.0","@types/os-tmpdir":"^1.0.0","@types/pako":"^1.0.1","@types/parallel-transform":"^1.1.0","@types/parse-json":"^4.0.0","@types/parse5":"^6.0.0","@types/parse5-htmlparser2-tree-adapter":"^6.0.0","@types/parseurl":"^1.3.1","@types/pascalcase":"^1.0.0","@types/path-is-absolute":"^1.0.0","@types/path-is-inside":"^1.0.0","@types/path-parse":"^1.0.19","@types/pbkdf2":"^3.1.0","@types/picomatch":"^2.2.1","@types/pify":"^5.0.0","@types/postcss-calc":"^7.0.0","@types/postcss-load-config":"^2.0.1","@types/postcss-modules-extract-imports":"^2.0.0","@types/postcss-modules-local-by-default":"^1.2.0","@types/postcss-modules-scope":"^1.1.0","@types/postcss-modules-values":"^3.0.0","@types/prelude-ls":"^1.1.29","@types/prettier":"^2.2.2","@types/prettier-linter-helpers":"^1.0.0","@types/progress":"^2.0.3","@types/promise-inflight":"^1.0.0","@types/proxy-addr":"^2.0.0","@types/psl":"^1.1.0","@types/pump":"^1.1.1","@types/pumpify":"^1.4.1","@types/punycode":"^2.1.0","@types/q":"^1.5.4","@types/qs":"^6.9.5","@types/querystringify":"^2.0.0","@types/rails__actioncable":"^6.1.2","@types/rails__activestorage":"^6.0.0","@types/rails__ujs":"^6.0.0","@types/randombytes":"^2.0.0","@types/range-parser":"^1.2.3","@types/react":"^17.0.3","@types/readable-stream":"^2.3.9","@types/regenerator-runtime":"^0.13.0","@types/relateurl":"^0.2.28","@types/repeat-element":"^1.1.0","@types/repeat-string":"^1.6.0","@types/request":"^2.48.5","@types/require-directory":"^2.1.1","@types/requires-port":"^1.0.0","@types/resolve":"^1.20.0","@types/retry":"^0.12.0","@types/rimraf":"^3.0.0","@types/ripemd160":"^2.0.0","@types/safe-regex":"^1.1.2","@types/safer-buffer":"^2.1.0","@types/sax":"^1.2.1","@types/semver":"^7.3.4","@types/send":"^0.14.6","@types/serialize-javascript":"^5.0.0","@types/serve-index":"^1.7.30","@types/serve-static":"^1.13.9","@types/set-value":"^2.0.0","@types/setimmediate":"^1.0.2","@types/sha.js":"^2.4.0","@types/shebang-command":"^1.2.0","@types/shell-quote":"^1.7.0","@types/signal-exit":"^3.0.0","@types/slice-ansi":"^4.0.0","@types/sockjs":"^0.3.32","@types/sockjs-client":"^1.5.0","@types/source-list-map":"^0.1.2","@types/source-map-support":"^0.5.3","@types/spdx-correct":"^2.0.0","@types/spdx-expression-parse":"^3.0.0","@types/spdy":"^3.4.4","@types/sprintf":"^0.1.0","@types/sprintf-js":"^1.1.2","@types/sshpk":"^1.10.5","@types/ssri":"^7.1.0","@types/statuses":"^2.0.0","@types/stream-each":"^1.2.0","@types/stream-shift":"^1.0.0","@types/strict-uri-encode":"^2.0.0","@types/string-hash":"^1.1.1","@types/supports-color":"^7.2.0","@types/svg-tags":"^1.0.0","@types/svgo":"^1.3.4","@types/table":"^6.0.0","@types/tapable":"^1.0.6","@types/terser-webpack-plugin":"^5.0.2","@types/text-table":"^0.2.1","@types/through":"0.0.30","@types/through2":"^2.0.36","@types/timsort":"^0.3.0","@types/tmp":"^0.2.0","@types/toposort":"^2.0.3","@types/tough-cookie":"^4.0.0","@types/tryer":"^1.0.1","@types/turbolinks":"^5.2.0","@types/type-check":"^0.3.27","@types/type-is":"^1.6.3","@types/uglify-js":"^3.12.0","@types/uniq":"0.0.27","@types/universalify":"^1.0.0","@types/urix":"^0.1.0","@types/url-parse":"^1.4.3","@types/util-deprecate":"^1.0.0","@types/util.promisify":"^1.0.4","@types/utils-merge":"0.0.28","@types/uuid":"^8.3.0","@types/validate-npm-package-license":"^3.0.0","@types/vary":"^1.1.0","@types/verror":"^1.10.4","@types/watchpack":"^1.1.6","@types/wcwidth":"^1.0.0","@types/webpack":"^4.41.26","@types/webpack-bundle-analyzer":"^3.9.1","@types/webpack-dev-middleware":"^4.1.0","@types/webpack-dev-server":"^3.11.1","@types/webpack-merge":"^4.1.5","@types/webpack-sources":"^2.1.0","@types/which":"^2.0.0","@types/wrap-ansi":"^3.0.0","@types/write":"^2.0.0","@types/ws":"^7.4.0","@types/xtend":"^4.0.3","@types/y18n":"^4.0.0","@types/yallist":"^3.0.1","@types/yargs":"^16.0.0","@types/yargs-parser":"^20.2.0"}}
[21:06:35.809] Loaded content of '/home/lesliebinbin/.cache/typescript/4.1/package-lock.json'
[21:06:35.819] Adding entry into typings cache: 'accepts' => '/home/lesliebinbin/.cache/typescript/4.1/node_modules/@types/accepts/index.d.ts'
[21:06:35.823] Adding entry into typings cache: 'ajv-errors' => '/home/lesliebinbin/.cache/typescript/4.1/node_modules/@types/ajv-errors/index.d.ts'
[21:06:35.829] Adding entry into typings cache: 'ansi-styles' => '/home/lesliebinbin/.cache/typescript/4.1/node_modules/@types/ansi-styles/index.d.ts'
[21:06:35.836] Adding entry into typings cache: 'anymatch' => '/home/lesliebinbin/.cache/typescript/4.1/node_modules/@types/anymatch/index.d.ts'
[21:06:35.839] Adding entry into typings cache: 'argparse' => '/home/lesliebinbin/.cache/typescript/4.1/node_modules/@types/argparse/index.d.ts'
[21:06:35.845] Adding entry into typings cache: 'arr-diff' => '/home/lesliebinbin/.cache/typescript/4.1/node_modules/@types/arr-diff/index.d.ts'
[21:06:35.851] Adding entry into typings cache: 'arr-union' => '/home/lesliebinbin/.cache/typescript/4.1/node_modules/@types/arr-union/index.d.ts'
[21:06:35.856] Adding entry into typings cache: 'array-unique' => '/home/lesliebinbin/.cache/typescript/4.1/node_modules/@types/array-unique/index.d.ts'
[21:06:35.860] Adding entry into typings cache: 'asn1' => '/home/lesliebinbin/.cache/typescript/4.1/node_modules/@types/asn1/index.d.ts'
[21:06:35.863] Adding entry into typings cache: 'assert' => '/home/lesliebinbin/.cache/typescript/4.1/node_modules/@types/assert/index.d.ts'
[21:06:35.865] Adding entry into typings cache: 'assert-plus' => '/home/lesliebinbin/.cache/typescript/4.1/node_modules/@types/assert-plus/index.d.ts'
[21:06:35.868] Adding entry into typings cache: 'async' => '/home/lesliebinbin/.cache/typescript/4.1/node_modules/@types/async/index.d.ts'
[21:06:35.872] Adding entry into typings cache: 'atob' => '/home/lesliebinbin/.cache/typescript/4.1/node_modules/@types/atob/index.d.ts'
[21:06:35.874] Adding entry into typings cache: 'aws4' => '/home/lesliebinbin/.cache/typescript/4.1/node_modules/@types/aws4/index.d.ts'
[21:06:35.876] Adding entry into typings cache: 'balanced-match' => '/home/lesliebinbin/.cache/typescript/4.1/node_modules/@types/balanced-match/index.d.ts'
[21:06:35.879] Adding entry into typings cache: 'big.js' => '/home/lesliebinbin/.cache/typescript/4.1/node_modules/@types/big.js/index.d.ts'
[21:06:35.880] Adding entry into typings cache: 'bluebird' => '/home/lesliebinbin/.cache/typescript/4.1/node_modules/@types/bluebird/index.d.ts'
[21:06:35.883] Adding entry into typings cache: 'bn.js' => '/home/lesliebinbin/.cache/typescript/4.1/node_modules/@types/bn.js/index.d.ts'
[21:06:35.885] Adding entry into typings cache: 'body-parser' => '/home/lesliebinbin/.cache/typescript/4.1/node_modules/@types/body-parser/index.d.ts'
[21:06:35.888] Adding entry into typings cache: 'bonjour' => '/home/lesliebinbin/.cache/typescript/4.1/node_modules/@types/bonjour/index.d.ts'
[21:06:35.890] Adding entry into typings cache: 'boolbase' => '/home/lesliebinbin/.cache/typescript/4.1/node_modules/@types/boolbase/index.d.ts'
[21:06:35.892] Adding entry into typings cache: 'brace-expansion' => '/home/lesliebinbin/.cache/typescript/4.1/node_modules/@types/brace-expansion/index.d.ts'
[21:06:35.898] Adding entry into typings cache: 'braces' => '/home/lesliebinbin/.cache/typescript/4.1/node_modules/@types/braces/index.d.ts'
[21:06:35.901] Adding entry into typings cache: 'brorand' => '/home/lesliebinbin/.cache/typescript/4.1/node_modules/@types/brorand/index.d.ts'
[21:06:35.905] Adding entry into typings cache: 'buffer-from' => '/home/lesliebinbin/.cache/typescript/4.1/node_modules/@types/buffer-from/index.d.ts'
[21:06:35.908] Adding entry into typings cache: 'buffer-json' => '/home/lesliebinbin/.cache/typescript/4.1/node_modules/@types/buffer-json/index.d.ts'
[21:06:35.910] Adding entry into typings cache: 'buffer-xor' => '/home/lesliebinbin/.cache/typescript/4.1/node_modules/@types/buffer-xor/index.d.ts'
[21:06:35.913] Adding entry into typings cache: 'bytes' => '/home/lesliebinbin/.cache/typescript/4.1/node_modules/@types/bytes/index.d.ts'
[21:06:35.916] Adding entry into typings cache: 'cacache' => '/home/lesliebinbin/.cache/typescript/4.1/node_modules/@types/cacache/index.d.ts'
[21:06:35.918] Adding entry into typings cache: 'call-bind' => '/home/lesliebinbin/.cache/typescript/4.1/node_modules/@types/call-bind/index.d.ts'
[21:06:35.919] Adding entry into typings cache: 'caniuse-api' => '/home/lesliebinbin/.cache/typescript/4.1/node_modules/@types/caniuse-api/index.d.ts'
[21:06:35.923] Adding entry into typings cache: 'caniuse-lite' => '/home/lesliebinbin/.cache/typescript/4.1/node_modules/@types/caniuse-lite/index.d.ts'
[21:06:35.925] Adding entry into typings cache: 'case-sensitive-paths-webpack-plugin' => '/home/lesliebinbin/.cache/typescript/4.1/node_modules/@types/case-sensitive-paths-webpack-plugin/index.d.ts'
[21:06:35.927] Adding entry into typings cache: 'caseless' => '/home/lesliebinbin/.cache/typescript/4.1/node_modules/@types/caseless/index.d.ts'
[21:06:35.929] Adding entry into typings cache: 'chardet' => '/home/lesliebinbin/.cache/typescript/4.1/node_modules/@types/chardet/index.d.ts'
[21:06:35.931] Adding entry into typings cache: 'check-types' => '/home/lesliebinbin/.cache/typescript/4.1/node_modules/@types/check-types/index.d.ts'
[21:06:35.932] Adding entry into typings cache: 'chownr' => '/home/lesliebinbin/.cache/typescript/4.1/node_modules/@types/chownr/index.d.ts'
[21:06:35.934] Adding entry into typings cache: 'ci-info' => '/home/lesliebinbin/.cache/typescript/4.1/node_modules/@types/ci-info/index.d.ts'
[21:06:35.936] Adding entry into typings cache: 'cipher-base' => '/home/lesliebinbin/.cache/typescript/4.1/node_modules/@types/cipher-base/index.d.ts'
[21:06:35.937] Adding entry into typings cache: 'clean-css' => '/home/lesliebinbin/.cache/typescript/4.1/node_modules/@types/clean-css/index.d.ts'
[21:06:35.939] Adding entry into typings cache: 'cli-spinners' => '/home/lesliebinbin/.cache/typescript/4.1/node_modules/@types/cli-spinners/index.d.ts'
[21:06:35.941] Adding entry into typings cache: 'clone' => '/home/lesliebinbin/.cache/typescript/4.1/node_modules/@types/clone/index.d.ts'
[21:06:35.942] Adding entry into typings cache: 'color' => '/home/lesliebinbin/.cache/typescript/4.1/node_modules/@types/color/index.d.ts'
[21:06:35.946] Adding entry into typings cache: 'color-convert' => '/home/lesliebinbin/.cache/typescript/4.1/node_modules/@types/color-convert/index.d.ts'
[21:06:35.950] Adding entry into typings cache: 'color-name' => '/home/lesliebinbin/.cache/typescript/4.1/node_modules/@types/color-name/index.d.ts'
[21:06:35.953] Adding entry into typings cache: 'color-string' => '/home/lesliebinbin/.cache/typescript/4.1/node_modules/@types/color-string/index.d.ts'
[21:06:35.957] Adding entry into typings cache: 'combined-stream' => '/home/lesliebinbin/.cache/typescript/4.1/node_modules/@types/combined-stream/index.d.ts'
[21:06:35.959] Adding entry into typings cache: 'commondir' => '/home/lesliebinbin/.cache/typescript/4.1/node_modules/@types/commondir/index.d.ts'
[21:06:35.962] Adding entry into typings cache: 'component-emitter' => '/home/lesliebinbin/.cache/typescript/4.1/node_modules/@types/component-emitter/index.d.ts'
[21:06:35.966] Adding entry into typings cache: 'compressible' => '/home/lesliebinbin/.cache/typescript/4.1/node_modules/@types/compressible/index.d.ts'
[21:06:35.968] Adding entry into typings cache: 'compression' => '/home/lesliebinbin/.cache/typescript/4.1/node_modules/@types/compression/index.d.ts'
[21:06:35.970] Adding entry into typings cache: 'concat-map' => '/home/lesliebinbin/.cache/typescript/4.1/node_modules/@types/concat-map/index.d.ts'
[21:06:35.973] Adding entry into typings cache: 'concat-stream' => '/home/lesliebinbin/.cache/typescript/4.1/node_modules/@types/concat-stream/index.d.ts'
[21:06:35.977] Adding entry into typings cache: 'connect-history-api-fallback' => '/home/lesliebinbin/.cache/typescript/4.1/node_modules/@types/connect-history-api-fallback/index.d.ts'
[21:06:35.979] Adding entry into typings cache: 'consolidate' => '/home/lesliebinbin/.cache/typescript/4.1/node_modules/@types/consolidate/index.d.ts'
[21:06:35.981] Adding entry into typings cache: 'content-disposition' => '/home/lesliebinbin/.cache/typescript/4.1/node_modules/@types/content-disposition/index.d.ts'
[21:06:35.984] Adding entry into typings cache: 'content-type' => '/home/lesliebinbin/.cache/typescript/4.1/node_modules/@types/content-type/index.d.ts'
[21:06:35.985] Adding entry into typings cache: 'convert-source-map' => '/home/lesliebinbin/.cache/typescript/4.1/node_modules/@types/convert-source-map/index.d.ts'
[21:06:35.986] Adding entry into typings cache: 'cookie' => '/home/lesliebinbin/.cache/typescript/4.1/node_modules/@types/cookie/index.d.ts'
[21:06:35.988] Adding entry into typings cache: 'cookie-signature' => '/home/lesliebinbin/.cache/typescript/4.1/node_modules/@types/cookie-signature/index.d.ts'
[21:06:35.989] Adding entry into typings cache: 'copy-webpack-plugin' => '/home/lesliebinbin/.cache/typescript/4.1/node_modules/@types/copy-webpack-plugin/index.d.ts'
[21:06:35.990] Adding entry into typings cache: 'core-js' => '/home/lesliebinbin/.cache/typescript/4.1/node_modules/@types/core-js/index.d.ts'
[21:06:35.992] Adding entry into typings cache: 'create-hash' => '/home/lesliebinbin/.cache/typescript/4.1/node_modules/@types/create-hash/index.d.ts'
[21:06:35.994] Adding entry into typings cache: 'create-hmac' => '/home/lesliebinbin/.cache/typescript/4.1/node_modules/@types/create-hmac/index.d.ts'
[21:06:35.995] Adding entry into typings cache: 'cross-spawn' => '/home/lesliebinbin/.cache/typescript/4.1/node_modules/@types/cross-spawn/index.d.ts'
[21:06:35.996] Adding entry into typings cache: 'css-declaration-sorter' => '/home/lesliebinbin/.cache/typescript/4.1/node_modules/@types/css-declaration-sorter/index.d.ts'
[21:06:35.997] Adding entry into typings cache: 'css-tree' => '/home/lesliebinbin/.cache/typescript/4.1/node_modules/@types/css-tree/index.d.ts'
[21:06:35.998] Adding entry into typings cache: 'cssesc' => '/home/lesliebinbin/.cache/typescript/4.1/node_modules/@types/cssesc/index.d.ts'
[21:06:36.001] Adding entry into typings cache: 'cssnano' => '/home/lesliebinbin/.cache/typescript/4.1/node_modules/@types/cssnano/index.d.ts'
[21:06:36.002] Adding entry into typings cache: 'csso' => '/home/lesliebinbin/.cache/typescript/4.1/node_modules/@types/csso/index.d.ts'
[21:06:36.004] Adding entry into typings cache: 'dashdash' => '/home/lesliebinbin/.cache/typescript/4.1/node_modules/@types/dashdash/index.d.ts'
[21:06:36.008] Adding entry into typings cache: 'debug' => '/home/lesliebinbin/.cache/typescript/4.1/node_modules/@types/debug/index.d.ts'
[21:06:36.010] Adding entry into typings cache: 'decode-uri-component' => '/home/lesliebinbin/.cache/typescript/4.1/node_modules/@types/decode-uri-component/index.d.ts'
[21:06:36.011] Adding entry into typings cache: 'deep-equal' => '/home/lesliebinbin/.cache/typescript/4.1/node_modules/@types/deep-equal/index.d.ts'
[21:06:36.013] Adding entry into typings cache: 'default-gateway' => '/home/lesliebinbin/.cache/typescript/4.1/node_modules/@types/default-gateway/index.d.ts'
[21:06:36.016] Adding entry into typings cache: 'defaults' => '/home/lesliebinbin/.cache/typescript/4.1/node_modules/@types/defaults/index.d.ts'
[21:06:36.018] Adding entry into typings cache: 'define-properties' => '/home/lesliebinbin/.cache/typescript/4.1/node_modules/@types/define-properties/index.d.ts'
[21:06:36.020] Adding entry into typings cache: 'depd' => '/home/lesliebinbin/.cache/typescript/4.1/node_modules/@types/depd/index.d.ts'
[21:06:36.021] Adding entry into typings cache: 'destroy' => '/home/lesliebinbin/.cache/typescript/4.1/node_modules/@types/destroy/index.d.ts'
[21:06:36.022] Adding entry into typings cache: 'detect-node' => '/home/lesliebinbin/.cache/typescript/4.1/node_modules/@types/detect-node/index.d.ts'
[21:06:36.023] Adding entry into typings cache: 'diffie-hellman' => '/home/lesliebinbin/.cache/typescript/4.1/node_modules/@types/diffie-hellman/index.d.ts'
[21:06:36.025] Adding entry into typings cache: 'dir-glob' => '/home/lesliebinbin/.cache/typescript/4.1/node_modules/@types/dir-glob/index.d.ts'
[21:06:36.026] Adding entry into typings cache: 'doctrine' => '/home/lesliebinbin/.cache/typescript/4.1/node_modules/@types/doctrine/index.d.ts'
[21:06:36.028] Adding entry into typings cache: 'domhandler' => '/home/lesliebinbin/.cache/typescript/4.1/node_modules/@types/domhandler/index.d.ts'
[21:06:36.029] Adding entry into typings cache: 'domutils' => '/home/lesliebinbin/.cache/typescript/4.1/node_modules/@types/domutils/index.d.ts'
[21:06:36.030] Adding entry into typings cache: 'duplexify' => '/home/lesliebinbin/.cache/typescript/4.1/node_modules/@types/duplexify/index.d.ts'
[21:06:36.031] Adding entry into typings cache: 'ee-first' => '/home/lesliebinbin/.cache/typescript/4.1/node_modules/@types/ee-first/index.d.ts'
[21:06:36.032] Adding entry into typings cache: 'ejs' => '/home/lesliebinbin/.cache/typescript/4.1/node_modules/@types/ejs/index.d.ts'
[21:06:36.033] Adding entry into typings cache: 'elliptic' => '/home/lesliebinbin/.cache/typescript/4.1/node_modules/@types/elliptic/index.d.ts'
[21:06:36.034] Adding entry into typings cache: 'encodeurl' => '/home/lesliebinbin/.cache/typescript/4.1/node_modules/@types/encodeurl/index.d.ts'
[21:06:36.035] Adding entry into typings cache: 'end-of-stream' => '/home/lesliebinbin/.cache/typescript/4.1/node_modules/@types/end-of-stream/index.d.ts'
[21:06:36.037] Adding entry into typings cache: 'enhanced-resolve' => '/home/lesliebinbin/.cache/typescript/4.1/node_modules/enhanced-resolve/types.d.ts'
[21:06:36.039] Adding entry into typings cache: 'entities' => '/home/lesliebinbin/.cache/typescript/4.1/node_modules/@types/entities/index.d.ts'
[21:06:36.040] Adding entry into typings cache: 'es-abstract' => '/home/lesliebinbin/.cache/typescript/4.1/node_modules/@types/es-abstract/index.d.ts'
[21:06:36.041] Adding entry into typings cache: 'es-to-primitive' => '/home/lesliebinbin/.cache/typescript/4.1/node_modules/@types/es-to-primitive/index.d.ts'
[21:06:36.043] Adding entry into typings cache: 'escape-html' => '/home/lesliebinbin/.cache/typescript/4.1/node_modules/@types/escape-html/index.d.ts'
[21:06:36.045] Adding entry into typings cache: 'eslint' => '/home/lesliebinbin/.cache/typescript/4.1/node_modules/@types/eslint/index.d.ts'
[21:06:36.046] Adding entry into typings cache: 'eslint-config-prettier' => '/home/lesliebinbin/.cache/typescript/4.1/node_modules/@types/eslint-config-prettier/index.d.ts'
[21:06:36.047] Adding entry into typings cache: 'eslint-plugin-prettier' => '/home/lesliebinbin/.cache/typescript/4.1/node_modules/@types/eslint-plugin-prettier/index.d.ts'
[21:06:36.053] Adding entry into typings cache: 'eslint-scope' => '/home/lesliebinbin/.cache/typescript/4.1/node_modules/@types/eslint-scope/index.d.ts'
[21:06:36.055] Adding entry into typings cache: 'eslint-visitor-keys' => '/home/lesliebinbin/.cache/typescript/4.1/node_modules/@types/eslint-visitor-keys/index.d.ts'
[21:06:36.056] Adding entry into typings cache: 'esprima' => '/home/lesliebinbin/.cache/typescript/4.1/node_modules/@types/esprima/index.d.ts'
[21:06:36.058] Adding entry into typings cache: 'esquery' => '/home/lesliebinbin/.cache/typescript/4.1/node_modules/@types/esquery/index.d.ts'
[21:06:36.061] Adding entry into typings cache: 'estraverse' => '/home/lesliebinbin/.cache/typescript/4.1/node_modules/@types/estraverse/index.d.ts'
[21:06:36.062] Adding entry into typings cache: 'etag' => '/home/lesliebinbin/.cache/typescript/4.1/node_modules/@types/etag/index.d.ts'
[21:06:36.065] Adding entry into typings cache: 'events' => '/home/lesliebinbin/.cache/typescript/4.1/node_modules/@types/events/index.d.ts'
[21:06:36.066] Adding entry into typings cache: 'eventsource' => '/home/lesliebinbin/.cache/typescript/4.1/node_modules/@types/eventsource/index.d.ts'
[21:06:36.068] Adding entry into typings cache: 'express' => '/home/lesliebinbin/.cache/typescript/4.1/node_modules/@types/express/index.d.ts'
[21:06:36.069] Adding entry into typings cache: 'extend' => '/home/lesliebinbin/.cache/typescript/4.1/node_modules/@types/extend/index.d.ts'
[21:06:36.070] Adding entry into typings cache: 'extsprintf' => '/home/lesliebinbin/.cache/typescript/4.1/node_modules/@types/extsprintf/index.d.ts'
[21:06:36.071] Adding entry into typings cache: 'fast-levenshtein' => '/home/lesliebinbin/.cache/typescript/4.1/node_modules/@types/fast-levenshtein/index.d.ts'
[21:06:36.074] Adding entry into typings cache: 'file-entry-cache' => '/home/lesliebinbin/.cache/typescript/4.1/node_modules/@types/file-entry-cache/index.d.ts'
[21:06:36.076] Adding entry into typings cache: 'file-loader' => '/home/lesliebinbin/.cache/typescript/4.1/node_modules/@types/file-loader/index.d.ts'
[21:06:36.077] Adding entry into typings cache: 'finalhandler' => '/home/lesliebinbin/.cache/typescript/4.1/node_modules/@types/finalhandler/index.d.ts'
[21:06:36.079] Adding entry into typings cache: 'find-cache-dir' => '/home/lesliebinbin/.cache/typescript/4.1/node_modules/@types/find-cache-dir/index.d.ts'
[21:06:36.081] Adding entry into typings cache: 'flat-cache' => '/home/lesliebinbin/.cache/typescript/4.1/node_modules/@types/flat-cache/index.d.ts'
[21:06:36.083] Adding entry into typings cache: 'flush-write-stream' => '/home/lesliebinbin/.cache/typescript/4.1/node_modules/@types/flush-write-stream/index.d.ts'
[21:06:36.085] Adding entry into typings cache: 'follow-redirects' => '/home/lesliebinbin/.cache/typescript/4.1/node_modules/@types/follow-redirects/index.d.ts'
[21:06:36.087] Adding entry into typings cache: 'forever-agent' => '/home/lesliebinbin/.cache/typescript/4.1/node_modules/@types/forever-agent/index.d.ts'
[21:06:36.088] Adding entry into typings cache: 'forwarded' => '/home/lesliebinbin/.cache/typescript/4.1/node_modules/@types/forwarded/index.d.ts'
[21:06:36.090] Adding entry into typings cache: 'fresh' => '/home/lesliebinbin/.cache/typescript/4.1/node_modules/@types/fresh/index.d.ts'
[21:06:36.091] Adding entry into typings cache: 'from2' => '/home/lesliebinbin/.cache/typescript/4.1/node_modules/@types/from2/index.d.ts'
[21:06:36.092] Adding entry into typings cache: 'fs-extra' => '/home/lesliebinbin/.cache/typescript/4.1/node_modules/@types/fs-extra/index.d.ts'
[21:06:36.093] Adding entry into typings cache: 'function-bind' => '/home/lesliebinbin/.cache/typescript/4.1/node_modules/@types/function-bind/index.d.ts'
[21:06:36.093] Adding entry into typings cache: 'get-caller-file' => '/home/lesliebinbin/.cache/typescript/4.1/node_modules/@types/get-caller-file/index.d.ts'
[21:06:36.094] Adding entry into typings cache: 'get-intrinsic' => '/home/lesliebinbin/.cache/typescript/4.1/node_modules/@types/get-intrinsic/index.d.ts'
[21:06:36.097] Adding entry into typings cache: 'get-value' => '/home/lesliebinbin/.cache/typescript/4.1/node_modules/@types/get-value/index.d.ts'
[21:06:36.098] Adding entry into typings cache: 'getpass' => '/home/lesliebinbin/.cache/typescript/4.1/node_modules/@types/getpass/index.d.ts'
[21:06:36.099] Adding entry into typings cache: 'glob' => '/home/lesliebinbin/.cache/typescript/4.1/node_modules/@types/glob/index.d.ts'
[21:06:36.101] Adding entry into typings cache: 'glob-parent' => '/home/lesliebinbin/.cache/typescript/4.1/node_modules/@types/glob-parent/index.d.ts'
[21:06:36.103] Adding entry into typings cache: 'glob-to-regexp' => '/home/lesliebinbin/.cache/typescript/4.1/node_modules/@types/glob-to-regexp/index.d.ts'
[21:06:36.104] Adding entry into typings cache: 'graceful-fs' => '/home/lesliebinbin/.cache/typescript/4.1/node_modules/@types/graceful-fs/index.d.ts'
[21:06:36.105] Adding entry into typings cache: 'has' => '/home/lesliebinbin/.cache/typescript/4.1/node_modules/@types/has/index.d.ts'
[21:06:36.107] Adding entry into typings cache: 'has-symbols' => '/home/lesliebinbin/.cache/typescript/4.1/node_modules/@types/has-symbols/index.d.ts'
[21:06:36.108] Adding entry into typings cache: 'hash-sum' => '/home/lesliebinbin/.cache/typescript/4.1/node_modules/@types/hash-sum/index.d.ts'
[21:06:36.111] Adding entry into typings cache: 'he' => '/home/lesliebinbin/.cache/typescript/4.1/node_modules/@types/he/index.d.ts'
[21:06:36.112] Adding entry into typings cache: 'hex-color-regex' => '/home/lesliebinbin/.cache/typescript/4.1/node_modules/@types/hex-color-regex/index.d.ts'
[21:06:36.114] Adding entry into typings cache: 'hosted-git-info' => '/home/lesliebinbin/.cache/typescript/4.1/node_modules/@types/hosted-git-info/index.d.ts'
[21:06:36.115] Adding entry into typings cache: 'html-minifier' => '/home/lesliebinbin/.cache/typescript/4.1/node_modules/@types/html-minifier/index.d.ts'
[21:06:36.117] Adding entry into typings cache: 'html-webpack-plugin' => '/home/lesliebinbin/.cache/typescript/4.1/node_modules/@types/html-webpack-plugin/index.d.ts'
[21:06:36.118] Adding entry into typings cache: 'htmlparser2' => '/home/lesliebinbin/.cache/typescript/4.1/node_modules/@types/htmlparser2/index.d.ts'
[21:06:36.119] Adding entry into typings cache: 'http-errors' => '/home/lesliebinbin/.cache/typescript/4.1/node_modules/@types/http-errors/index.d.ts'
[21:06:36.120] Adding entry into typings cache: 'http-proxy' => '/home/lesliebinbin/.cache/typescript/4.1/node_modules/@types/http-proxy/index.d.ts'
[21:06:36.122] Adding entry into typings cache: 'http-proxy-middleware' => '/home/lesliebinbin/.cache/typescript/4.1/node_modules/@types/http-proxy-middleware/index.d.ts'
[21:06:36.123] Adding entry into typings cache: 'icss-utils' => '/home/lesliebinbin/.cache/typescript/4.1/node_modules/@types/icss-utils/index.d.ts'
[21:06:36.125] Adding entry into typings cache: 'iferr' => '/home/lesliebinbin/.cache/typescript/4.1/node_modules/@types/iferr/index.d.ts'
[21:06:36.126] Adding entry into typings cache: 'imurmurhash' => '/home/lesliebinbin/.cache/typescript/4.1/node_modules/@types/imurmurhash/index.d.ts'
[21:06:36.128] Adding entry into typings cache: 'inherits' => '/home/lesliebinbin/.cache/typescript/4.1/node_modules/@types/inherits/index.d.ts'
[21:06:36.129] Adding entry into typings cache: 'inquirer' => '/home/lesliebinbin/.cache/typescript/4.1/node_modules/@types/inquirer/index.d.ts'
[21:06:36.131] Adding entry into typings cache: 'ip' => '/home/lesliebinbin/.cache/typescript/4.1/node_modules/@types/ip/index.d.ts'
[21:06:36.132] Adding entry into typings cache: 'is-arguments' => '/home/lesliebinbin/.cache/typescript/4.1/node_modules/@types/is-arguments/index.d.ts'
[21:06:36.134] Adding entry into typings cache: 'is-buffer' => '/home/lesliebinbin/.cache/typescript/4.1/node_modules/@types/is-buffer/index.d.ts'
[21:06:36.135] Adding entry into typings cache: 'is-callable' => '/home/lesliebinbin/.cache/typescript/4.1/node_modules/@types/is-callable/index.d.ts'
[21:06:36.136] Adding entry into typings cache: 'is-ci' => '/home/lesliebinbin/.cache/typescript/4.1/node_modules/@types/is-ci/index.d.ts'
[21:06:36.137] Adding entry into typings cache: 'is-core-module' => '/home/lesliebinbin/.cache/typescript/4.1/node_modules/@types/is-core-module/index.d.ts'
[21:06:36.138] Adding entry into typings cache: 'is-date-object' => '/home/lesliebinbin/.cache/typescript/4.1/node_modules/@types/is-date-object/index.d.ts'
[21:06:36.139] Adding entry into typings cache: 'is-glob' => '/home/lesliebinbin/.cache/typescript/4.1/node_modules/@types/is-glob/index.d.ts'
[21:06:36.141] Adding entry into typings cache: 'is-number' => '/home/lesliebinbin/.cache/typescript/4.1/node_modules/@types/is-number/index.d.ts'
[21:06:36.141] Adding entry into typings cache: 'is-regex' => '/home/lesliebinbin/.cache/typescript/4.1/node_modules/@types/is-regex/index.d.ts'
[21:06:36.142] Adding entry into typings cache: 'is-typedarray' => '/home/lesliebinbin/.cache/typescript/4.1/node_modules/@types/is-typedarray/index.d.ts'
[21:06:36.144] Adding entry into typings cache: 'is-windows' => '/home/lesliebinbin/.cache/typescript/4.1/node_modules/@types/is-windows/index.d.ts'
[21:06:36.145] Adding entry into typings cache: 'isarray' => '/home/lesliebinbin/.cache/typescript/4.1/node_modules/@types/isarray/index.d.ts'
[21:06:36.146] Adding entry into typings cache: 'isexe' => '/home/lesliebinbin/.cache/typescript/4.1/node_modules/@types/isexe/index.d.ts'
[21:06:36.147] Adding entry into typings cache: 'isstream' => '/home/lesliebinbin/.cache/typescript/4.1/node_modules/@types/isstream/index.d.ts'
[21:06:36.148] Adding entry into typings cache: 'js-yaml' => '/home/lesliebinbin/.cache/typescript/4.1/node_modules/@types/js-yaml/index.d.ts'
[21:06:36.149] Adding entry into typings cache: 'jsbn' => '/home/lesliebinbin/.cache/typescript/4.1/node_modules/@types/jsbn/index.d.ts'
[21:06:36.150] Adding entry into typings cache: 'jsesc' => '/home/lesliebinbin/.cache/typescript/4.1/node_modules/@types/jsesc/index.d.ts'
[21:06:36.153] Adding entry into typings cache: 'json-parse-better-errors' => '/home/lesliebinbin/.cache/typescript/4.1/node_modules/@types/json-parse-better-errors/index.d.ts'
[21:06:36.155] Adding entry into typings cache: 'json-schema' => '/home/lesliebinbin/.cache/typescript/4.1/node_modules/@types/json-schema/index.d.ts'
[21:06:36.155] Adding entry into typings cache: 'json-stringify-safe' => '/home/lesliebinbin/.cache/typescript/4.1/node_modules/@types/json-stringify-safe/index.d.ts'
[21:06:36.157] Adding entry into typings cache: 'json3' => '/home/lesliebinbin/.cache/typescript/4.1/node_modules/@types/json3/index.d.ts'
[21:06:36.158] Adding entry into typings cache: 'jsonfile' => '/home/lesliebinbin/.cache/typescript/4.1/node_modules/@types/jsonfile/index.d.ts'
[21:06:36.160] Adding entry into typings cache: 'kind-of' => '/home/lesliebinbin/.cache/typescript/4.1/node_modules/@types/kind-of/index.d.ts'
[21:06:36.161] Adding entry into typings cache: 'loader-runner' => '/home/lesliebinbin/.cache/typescript/4.1/node_modules/@types/loader-runner/index.d.ts'
[21:06:36.164] Adding entry into typings cache: 'loader-utils' => '/home/lesliebinbin/.cache/typescript/4.1/node_modules/@types/loader-utils/index.d.ts'
[21:06:36.166] Adding entry into typings cache: 'lodash' => '/home/lesliebinbin/.cache/typescript/4.1/node_modules/@types/lodash/index.d.ts'
[21:06:36.167] Adding entry into typings cache: 'lodash.camelcase' => '/home/lesliebinbin/.cache/typescript/4.1/node_modules/@types/lodash.camelcase/index.d.ts'
[21:06:36.168] Adding entry into typings cache: 'lodash.debounce' => '/home/lesliebinbin/.cache/typescript/4.1/node_modules/@types/lodash.debounce/index.d.ts'
[21:06:36.169] Adding entry into typings cache: 'lodash.defaultsdeep' => '/home/lesliebinbin/.cache/typescript/4.1/node_modules/@types/lodash.defaultsdeep/index.d.ts'
[21:06:36.171] Adding entry into typings cache: 'lodash.kebabcase' => '/home/lesliebinbin/.cache/typescript/4.1/node_modules/@types/lodash.kebabcase/index.d.ts'
[21:06:36.172] Adding entry into typings cache: 'lodash.mapvalues' => '/home/lesliebinbin/.cache/typescript/4.1/node_modules/@types/lodash.mapvalues/index.d.ts'
[21:06:36.173] Adding entry into typings cache: 'lodash.memoize' => '/home/lesliebinbin/.cache/typescript/4.1/node_modules/@types/lodash.memoize/index.d.ts'
[21:06:36.174] Adding entry into typings cache: 'lodash.transform' => '/home/lesliebinbin/.cache/typescript/4.1/node_modules/@types/lodash.transform/index.d.ts'
[21:06:36.175] Adding entry into typings cache: 'lodash.uniq' => '/home/lesliebinbin/.cache/typescript/4.1/node_modules/@types/lodash.uniq/index.d.ts'
[21:06:36.176] Adding entry into typings cache: 'lru-cache' => '/home/lesliebinbin/.cache/typescript/4.1/node_modules/@types/lru-cache/index.d.ts'
[21:06:36.177] Adding entry into typings cache: 'media-typer' => '/home/lesliebinbin/.cache/typescript/4.1/node_modules/@types/media-typer/index.d.ts'
[21:06:36.178] Adding entry into typings cache: 'memory-fs' => '/home/lesliebinbin/.cache/typescript/4.1/node_modules/@types/memory-fs/index.d.ts'
[21:06:36.178] Adding entry into typings cache: 'merge-descriptors' => '/home/lesliebinbin/.cache/typescript/4.1/node_modules/@types/merge-descriptors/index.d.ts'
[21:06:36.180] Adding entry into typings cache: 'merge-stream' => '/home/lesliebinbin/.cache/typescript/4.1/node_modules/@types/merge-stream/index.d.ts'
[21:06:36.180] Adding entry into typings cache: 'merge2' => '/home/lesliebinbin/.cache/typescript/4.1/node_modules/@types/merge2/index.d.ts'
[21:06:36.181] Adding entry into typings cache: 'methods' => '/home/lesliebinbin/.cache/typescript/4.1/node_modules/@types/methods/index.d.ts'
[21:06:36.183] Adding entry into typings cache: 'micromatch' => '/home/lesliebinbin/.cache/typescript/4.1/node_modules/@types/micromatch/index.d.ts'
[21:06:36.183] Adding entry into typings cache: 'mime' => '/home/lesliebinbin/.cache/typescript/4.1/node_modules/@types/mime/index.d.ts'
[21:06:36.185] Adding entry into typings cache: 'mime-db' => '/home/lesliebinbin/.cache/typescript/4.1/node_modules/@types/mime-db/index.d.ts'
[21:06:36.186] Adding entry into typings cache: 'mime-types' => '/home/lesliebinbin/.cache/typescript/4.1/node_modules/@types/mime-types/index.d.ts'
[21:06:36.188] Adding entry into typings cache: 'mini-css-extract-plugin' => '/home/lesliebinbin/.cache/typescript/4.1/node_modules/@types/mini-css-extract-plugin/index.d.ts'
[21:06:36.189] Adding entry into typings cache: 'minimalistic-assert' => '/home/lesliebinbin/.cache/typescript/4.1/node_modules/@types/minimalistic-assert/index.d.ts'
[21:06:36.190] Adding entry into typings cache: 'minimatch' => '/home/lesliebinbin/.cache/typescript/4.1/node_modules/@types/minimatch/index.d.ts'
[21:06:36.191] Adding entry into typings cache: 'minimist' => '/home/lesliebinbin/.cache/typescript/4.1/node_modules/@types/minimist/index.d.ts'
[21:06:36.192] Adding entry into typings cache: 'minipass' => '/home/lesliebinbin/.cache/typescript/4.1/node_modules/@types/minipass/index.d.ts'
[21:06:36.193] Adding entry into typings cache: 'mkdirp' => '/home/lesliebinbin/.cache/typescript/4.1/node_modules/@types/mkdirp/index.d.ts'
[21:06:36.195] Adding entry into typings cache: 'move-concurrently' => '/home/lesliebinbin/.cache/typescript/4.1/node_modules/@types/move-concurrently/index.d.ts'
[21:06:36.197] Adding entry into typings cache: 'ms' => '/home/lesliebinbin/.cache/typescript/4.1/node_modules/@types/ms/index.d.ts'
[21:06:36.197] Adding entry into typings cache: 'mute-stream' => '/home/lesliebinbin/.cache/typescript/4.1/node_modules/@types/mute-stream/index.d.ts'
[21:06:36.198] Adding entry into typings cache: 'mz' => '/home/lesliebinbin/.cache/typescript/4.1/node_modules/@types/mz/index.d.ts'
[21:06:36.199] Adding entry into typings cache: 'natural-compare' => '/home/lesliebinbin/.cache/typescript/4.1/node_modules/@types/natural-compare/index.d.ts'
[21:06:36.200] Adding entry into typings cache: 'negotiator' => '/home/lesliebinbin/.cache/typescript/4.1/node_modules/@types/negotiator/index.d.ts'
[21:06:36.201] Adding entry into typings cache: 'nice-try' => '/home/lesliebinbin/.cache/typescript/4.1/node_modules/@types/nice-try/index.d.ts'
[21:06:36.202] Adding entry into typings cache: 'node-forge' => '/home/lesliebinbin/.cache/typescript/4.1/node_modules/@types/node-forge/index.d.ts'
[21:06:36.203] Adding entry into typings cache: 'node-ipc' => '/home/lesliebinbin/.cache/typescript/4.1/node_modules/@types/node-ipc/index.d.ts'
[21:06:36.203] Adding entry into typings cache: 'normalize-package-data' => '/home/lesliebinbin/.cache/typescript/4.1/node_modules/@types/normalize-package-data/index.d.ts'
[21:06:36.205] Adding entry into typings cache: 'normalize-path' => '/home/lesliebinbin/.cache/typescript/4.1/node_modules/@types/normalize-path/index.d.ts'
[21:06:36.208] Adding entry into typings cache: 'num2fraction' => '/home/lesliebinbin/.cache/typescript/4.1/node_modules/@types/num2fraction/index.d.ts'
[21:06:36.209] Adding entry into typings cache: 'object-assign' => '/home/lesliebinbin/.cache/typescript/4.1/node_modules/@types/object-assign/index.d.ts'
[21:06:36.210] Adding entry into typings cache: 'object-hash' => '/home/lesliebinbin/.cache/typescript/4.1/node_modules/@types/object-hash/index.d.ts'
[21:06:36.211] Adding entry into typings cache: 'object-inspect' => '/home/lesliebinbin/.cache/typescript/4.1/node_modules/@types/object-inspect/index.d.ts'
[21:06:36.211] Adding entry into typings cache: 'object-keys' => '/home/lesliebinbin/.cache/typescript/4.1/node_modules/@types/object-keys/index.d.ts'
[21:06:36.212] Adding entry into typings cache: 'object.getownpropertydescriptors' => '/home/lesliebinbin/.cache/typescript/4.1/node_modules/@types/object.getownpropertydescriptors/index.d.ts'
[21:06:36.214] Adding entry into typings cache: 'object.pick' => '/home/lesliebinbin/.cache/typescript/4.1/node_modules/@types/object.pick/index.d.ts'
[21:06:36.215] Adding entry into typings cache: 'on-finished' => '/home/lesliebinbin/.cache/typescript/4.1/node_modules/@types/on-finished/index.d.ts'
[21:06:36.216] Adding entry into typings cache: 'on-headers' => '/home/lesliebinbin/.cache/typescript/4.1/node_modules/@types/on-headers/index.d.ts'
[21:06:36.217] Adding entry into typings cache: 'once' => '/home/lesliebinbin/.cache/typescript/4.1/node_modules/@types/once/index.d.ts'
[21:06:36.219] Adding entry into typings cache: 'opener' => '/home/lesliebinbin/.cache/typescript/4.1/node_modules/@types/opener/index.d.ts'
[21:06:36.220] Adding entry into typings cache: 'original' => '/home/lesliebinbin/.cache/typescript/4.1/node_modules/@types/original/index.d.ts'
[21:06:36.221] Adding entry into typings cache: 'os-tmpdir' => '/home/lesliebinbin/.cache/typescript/4.1/node_modules/@types/os-tmpdir/index.d.ts'
[21:06:36.222] Adding entry into typings cache: 'pako' => '/home/lesliebinbin/.cache/typescript/4.1/node_modules/@types/pako/index.d.ts'
[21:06:36.224] Adding entry into typings cache: 'parallel-transform' => '/home/lesliebinbin/.cache/typescript/4.1/node_modules/@types/parallel-transform/index.d.ts'
[21:06:36.226] Adding entry into typings cache: 'parse-json' => '/home/lesliebinbin/.cache/typescript/4.1/node_modules/@types/parse-json/index.d.ts'
[21:06:36.227] Adding entry into typings cache: 'parse5' => '/home/lesliebinbin/.cache/typescript/4.1/node_modules/@types/parse5/index.d.ts'
[21:06:36.228] Adding entry into typings cache: 'parse5-htmlparser2-tree-adapter' => '/home/lesliebinbin/.cache/typescript/4.1/node_modules/@types/parse5-htmlparser2-tree-adapter/index.d.ts'
[21:06:36.229] Adding entry into typings cache: 'parseurl' => '/home/lesliebinbin/.cache/typescript/4.1/node_modules/@types/parseurl/index.d.ts'
[21:06:36.231] Adding entry into typings cache: 'pascalcase' => '/home/lesliebinbin/.cache/typescript/4.1/node_modules/@types/pascalcase/index.d.ts'
[21:06:36.233] Adding entry into typings cache: 'path-is-absolute' => '/home/lesliebinbin/.cache/typescript/4.1/node_modules/@types/path-is-absolute/index.d.ts'
[21:06:36.234] Adding entry into typings cache: 'path-is-inside' => '/home/lesliebinbin/.cache/typescript/4.1/node_modules/@types/path-is-inside/index.d.ts'
[21:06:36.236] Adding entry into typings cache: 'path-parse' => '/home/lesliebinbin/.cache/typescript/4.1/node_modules/@types/path-parse/index.d.ts'
[21:06:36.237] Adding entry into typings cache: 'pbkdf2' => '/home/lesliebinbin/.cache/typescript/4.1/node_modules/@types/pbkdf2/index.d.ts'
[21:06:36.238] Adding entry into typings cache: 'picomatch' => '/home/lesliebinbin/.cache/typescript/4.1/node_modules/@types/picomatch/index.d.ts'
[21:06:36.240] Adding entry into typings cache: 'pify' => '/home/lesliebinbin/.cache/typescript/4.1/node_modules/@types/pify/index.d.ts'
[21:06:36.241] Adding entry into typings cache: 'postcss-calc' => '/home/lesliebinbin/.cache/typescript/4.1/node_modules/@types/postcss-calc/index.d.ts'
[21:06:36.242] Adding entry into typings cache: 'postcss-load-config' => '/home/lesliebinbin/.cache/typescript/4.1/node_modules/@types/postcss-load-config/index.d.ts'
[21:06:36.243] Adding entry into typings cache: 'postcss-modules-extract-imports' => '/home/lesliebinbin/.cache/typescript/4.1/node_modules/@types/postcss-modules-extract-imports/index.d.ts'
[21:06:36.245] Adding entry into typings cache: 'postcss-modules-local-by-default' => '/home/lesliebinbin/.cache/typescript/4.1/node_modules/@types/postcss-modules-local-by-default/index.d.ts'
[21:06:36.246] Adding entry into typings cache: 'postcss-modules-scope' => '/home/lesliebinbin/.cache/typescript/4.1/node_modules/@types/postcss-modules-scope/index.d.ts'
[21:06:36.247] Adding entry into typings cache: 'postcss-modules-values' => '/home/lesliebinbin/.cache/typescript/4.1/node_modules/@types/postcss-modules-values/index.d.ts'
[21:06:36.248] Adding entry into typings cache: 'prelude-ls' => '/home/lesliebinbin/.cache/typescript/4.1/node_modules/@types/prelude-ls/index.d.ts'
[21:06:36.250] Adding entry into typings cache: 'prettier' => '/home/lesliebinbin/.cache/typescript/4.1/node_modules/@types/prettier/index.d.ts'
[21:06:36.251] Adding entry into typings cache: 'prettier-linter-helpers' => '/home/lesliebinbin/.cache/typescript/4.1/node_modules/@types/prettier-linter-helpers/index.d.ts'
[21:06:36.253] Adding entry into typings cache: 'progress' => '/home/lesliebinbin/.cache/typescript/4.1/node_modules/@types/progress/index.d.ts'
[21:06:36.254] Adding entry into typings cache: 'promise-inflight' => '/home/lesliebinbin/.cache/typescript/4.1/node_modules/@types/promise-inflight/index.d.ts'
[21:06:36.255] Adding entry into typings cache: 'proxy-addr' => '/home/lesliebinbin/.cache/typescript/4.1/node_modules/@types/proxy-addr/index.d.ts'
[21:06:36.257] Adding entry into typings cache: 'psl' => '/home/lesliebinbin/.cache/typescript/4.1/node_modules/@types/psl/index.d.ts'
[21:06:36.259] Adding entry into typings cache: 'pump' => '/home/lesliebinbin/.cache/typescript/4.1/node_modules/@types/pump/index.d.ts'
[21:06:36.260] Adding entry into typings cache: 'pumpify' => '/home/lesliebinbin/.cache/typescript/4.1/node_modules/@types/pumpify/index.d.ts'
[21:06:36.264] Adding entry into typings cache: 'punycode' => '/home/lesliebinbin/.cache/typescript/4.1/node_modules/@types/punycode/index.d.ts'
[21:06:36.265] Adding entry into typings cache: 'q' => '/home/lesliebinbin/.cache/typescript/4.1/node_modules/@types/q/index.d.ts'
[21:06:36.266] Adding entry into typings cache: 'qs' => '/home/lesliebinbin/.cache/typescript/4.1/node_modules/@types/qs/index.d.ts'
[21:06:36.268] Adding entry into typings cache: 'querystringify' => '/home/lesliebinbin/.cache/typescript/4.1/node_modules/@types/querystringify/index.d.ts'
[21:06:36.269] Adding entry into typings cache: 'rails__actioncable' => '/home/lesliebinbin/.cache/typescript/4.1/node_modules/@types/rails__actioncable/index.d.ts'
[21:06:36.270] Adding entry into typings cache: 'rails__activestorage' => '/home/lesliebinbin/.cache/typescript/4.1/node_modules/@types/rails__activestorage/index.d.ts'
[21:06:36.271] Adding entry into typings cache: 'rails__ujs' => '/home/lesliebinbin/.cache/typescript/4.1/node_modules/@types/rails__ujs/index.d.ts'
[21:06:36.273] Adding entry into typings cache: 'randombytes' => '/home/lesliebinbin/.cache/typescript/4.1/node_modules/@types/randombytes/index.d.ts'
[21:06:36.274] Adding entry into typings cache: 'range-parser' => '/home/lesliebinbin/.cache/typescript/4.1/node_modules/@types/range-parser/index.d.ts'
[21:06:36.276] Adding entry into typings cache: 'react' => '/home/lesliebinbin/.cache/typescript/4.1/node_modules/@types/react/index.d.ts'
[21:06:36.278] Adding entry into typings cache: 'readable-stream' => '/home/lesliebinbin/.cache/typescript/4.1/node_modules/@types/readable-stream/index.d.ts'
[21:06:36.279] Adding entry into typings cache: 'regenerator-runtime' => '/home/lesliebinbin/.cache/typescript/4.1/node_modules/@types/regenerator-runtime/index.d.ts'
[21:06:36.280] Adding entry into typings cache: 'relateurl' => '/home/lesliebinbin/.cache/typescript/4.1/node_modules/@types/relateurl/index.d.ts'
[21:06:36.282] Adding entry into typings cache: 'repeat-element' => '/home/lesliebinbin/.cache/typescript/4.1/node_modules/@types/repeat-element/index.d.ts'
[21:06:36.284] Adding entry into typings cache: 'repeat-string' => '/home/lesliebinbin/.cache/typescript/4.1/node_modules/@types/repeat-string/index.d.ts'
[21:06:36.285] Adding entry into typings cache: 'request' => '/home/lesliebinbin/.cache/typescript/4.1/node_modules/@types/request/index.d.ts'
[21:06:36.286] Adding entry into typings cache: 'require-directory' => '/home/lesliebinbin/.cache/typescript/4.1/node_modules/@types/require-directory/index.d.ts'
[21:06:36.287] Adding entry into typings cache: 'requires-port' => '/home/lesliebinbin/.cache/typescript/4.1/node_modules/@types/requires-port/index.d.ts'
[21:06:36.288] Adding entry into typings cache: 'resolve' => '/home/lesliebinbin/.cache/typescript/4.1/node_modules/@types/resolve/index.d.ts'
[21:06:36.288] Adding entry into typings cache: 'retry' => '/home/lesliebinbin/.cache/typescript/4.1/node_modules/@types/retry/index.d.ts'
[21:06:36.289] Adding entry into typings cache: 'rimraf' => '/home/lesliebinbin/.cache/typescript/4.1/node_modules/@types/rimraf/index.d.ts'
[21:06:36.290] Adding entry into typings cache: 'ripemd160' => '/home/lesliebinbin/.cache/typescript/4.1/node_modules/@types/ripemd160/index.d.ts'
[21:06:36.292] Adding entry into typings cache: 'safe-regex' => '/home/lesliebinbin/.cache/typescript/4.1/node_modules/@types/safe-regex/index.d.ts'
[21:06:36.292] Adding entry into typings cache: 'safer-buffer' => '/home/lesliebinbin/.cache/typescript/4.1/node_modules/@types/safer-buffer/index.d.ts'
[21:06:36.294] Adding entry into typings cache: 'sax' => '/home/lesliebinbin/.cache/typescript/4.1/node_modules/@types/sax/index.d.ts'
[21:06:36.296] Adding entry into typings cache: 'semver' => '/home/lesliebinbin/.cache/typescript/4.1/node_modules/@types/semver/index.d.ts'
[21:06:36.297] Adding entry into typings cache: 'send' => '/home/lesliebinbin/.cache/typescript/4.1/node_modules/@types/send/index.d.ts'
[21:06:36.298] Adding entry into typings cache: 'serialize-javascript' => '/home/lesliebinbin/.cache/typescript/4.1/node_modules/@types/serialize-javascript/index.d.ts'
[21:06:36.299] Adding entry into typings cache: 'serve-index' => '/home/lesliebinbin/.cache/typescript/4.1/node_modules/@types/serve-index/index.d.ts'
[21:06:36.300] Adding entry into typings cache: 'serve-static' => '/home/lesliebinbin/.cache/typescript/4.1/node_modules/@types/serve-static/index.d.ts'
[21:06:36.308] Adding entry into typings cache: 'set-value' => '/home/lesliebinbin/.cache/typescript/4.1/node_modules/@types/set-value/index.d.ts'
[21:06:36.309] Adding entry into typings cache: 'setimmediate' => '/home/lesliebinbin/.cache/typescript/4.1/node_modules/@types/setimmediate/index.d.ts'
[21:06:36.310] Adding entry into typings cache: 'sha.js' => '/home/lesliebinbin/.cache/typescript/4.1/node_modules/@types/sha.js/index.d.ts'
[21:06:36.311] Adding entry into typings cache: 'shebang-command' => '/home/lesliebinbin/.cache/typescript/4.1/node_modules/@types/shebang-command/index.d.ts'
[21:06:36.312] Adding entry into typings cache: 'shell-quote' => '/home/lesliebinbin/.cache/typescript/4.1/node_modules/@types/shell-quote/index.d.ts'
[21:06:36.312] Adding entry into typings cache: 'signal-exit' => '/home/lesliebinbin/.cache/typescript/4.1/node_modules/@types/signal-exit/index.d.ts'
[21:06:36.314] Adding entry into typings cache: 'slice-ansi' => '/home/lesliebinbin/.cache/typescript/4.1/node_modules/@types/slice-ansi/index.d.ts'
[21:06:36.314] Adding entry into typings cache: 'sockjs' => '/home/lesliebinbin/.cache/typescript/4.1/node_modules/@types/sockjs/index.d.ts'
[21:06:36.315] Adding entry into typings cache: 'sockjs-client' => '/home/lesliebinbin/.cache/typescript/4.1/node_modules/@types/sockjs-client/index.d.ts'
[21:06:36.317] Adding entry into typings cache: 'source-list-map' => '/home/lesliebinbin/.cache/typescript/4.1/node_modules/@types/source-list-map/index.d.ts'
[21:06:36.319] Adding entry into typings cache: 'source-map-support' => '/home/lesliebinbin/.cache/typescript/4.1/node_modules/@types/source-map-support/index.d.ts'
[21:06:36.319] Adding entry into typings cache: 'spdx-correct' => '/home/lesliebinbin/.cache/typescript/4.1/node_modules/@types/spdx-correct/index.d.ts'
[21:06:36.320] Adding entry into typings cache: 'spdx-expression-parse' => '/home/lesliebinbin/.cache/typescript/4.1/node_modules/@types/spdx-expression-parse/index.d.ts'
[21:06:36.321] Adding entry into typings cache: 'spdy' => '/home/lesliebinbin/.cache/typescript/4.1/node_modules/@types/spdy/index.d.ts'
[21:06:36.322] Adding entry into typings cache: 'sprintf' => '/home/lesliebinbin/.cache/typescript/4.1/node_modules/@types/sprintf/index.d.ts'
[21:06:36.323] Adding entry into typings cache: 'sprintf-js' => '/home/lesliebinbin/.cache/typescript/4.1/node_modules/@types/sprintf-js/index.d.ts'
[21:06:36.324] Adding entry into typings cache: 'sshpk' => '/home/lesliebinbin/.cache/typescript/4.1/node_modules/@types/sshpk/index.d.ts'
[21:06:36.324] Adding entry into typings cache: 'ssri' => '/home/lesliebinbin/.cache/typescript/4.1/node_modules/@types/ssri/index.d.ts'
[21:06:36.325] Adding entry into typings cache: 'statuses' => '/home/lesliebinbin/.cache/typescript/4.1/node_modules/@types/statuses/index.d.ts'
[21:06:36.326] Adding entry into typings cache: 'stream-each' => '/home/lesliebinbin/.cache/typescript/4.1/node_modules/@types/stream-each/index.d.ts'
[21:06:36.327] Adding entry into typings cache: 'stream-shift' => '/home/lesliebinbin/.cache/typescript/4.1/node_modules/@types/stream-shift/index.d.ts'
[21:06:36.327] Adding entry into typings cache: 'strict-uri-encode' => '/home/lesliebinbin/.cache/typescript/4.1/node_modules/@types/strict-uri-encode/index.d.ts'
[21:06:36.328] Adding entry into typings cache: 'string-hash' => '/home/lesliebinbin/.cache/typescript/4.1/node_modules/@types/string-hash/index.d.ts'
[21:06:36.329] Adding entry into typings cache: 'supports-color' => '/home/lesliebinbin/.cache/typescript/4.1/node_modules/@types/supports-color/index.d.ts'
[21:06:36.330] Adding entry into typings cache: 'svg-tags' => '/home/lesliebinbin/.cache/typescript/4.1/node_modules/@types/svg-tags/index.d.ts'
[21:06:36.331] Adding entry into typings cache: 'svgo' => '/home/lesliebinbin/.cache/typescript/4.1/node_modules/@types/svgo/index.d.ts'
[21:06:36.332] Adding entry into typings cache: 'table' => '/home/lesliebinbin/.cache/typescript/4.1/node_modules/@types/table/index.d.ts'
[21:06:36.332] Adding entry into typings cache: 'tapable' => '/home/lesliebinbin/.cache/typescript/4.1/node_modules/tapable/tapable.d.ts'
[21:06:36.334] Adding entry into typings cache: 'terser-webpack-plugin' => '/home/lesliebinbin/.cache/typescript/4.1/node_modules/@types/terser-webpack-plugin/index.d.ts'
[21:06:36.335] Adding entry into typings cache: 'text-table' => '/home/lesliebinbin/.cache/typescript/4.1/node_modules/@types/text-table/index.d.ts'
[21:06:36.336] Adding entry into typings cache: 'through' => '/home/lesliebinbin/.cache/typescript/4.1/node_modules/@types/through/index.d.ts'
[21:06:36.337] Adding entry into typings cache: 'through2' => '/home/lesliebinbin/.cache/typescript/4.1/node_modules/@types/through2/index.d.ts'
[21:06:36.337] Adding entry into typings cache: 'timsort' => '/home/lesliebinbin/.cache/typescript/4.1/node_modules/@types/timsort/index.d.ts'
[21:06:36.338] Adding entry into typings cache: 'tmp' => '/home/lesliebinbin/.cache/typescript/4.1/node_modules/@types/tmp/index.d.ts'
[21:06:36.339] Adding entry into typings cache: 'toposort' => '/home/lesliebinbin/.cache/typescript/4.1/node_modules/@types/toposort/index.d.ts'
[21:06:36.340] Adding entry into typings cache: 'tough-cookie' => '/home/lesliebinbin/.cache/typescript/4.1/node_modules/@types/tough-cookie/index.d.ts'
[21:06:36.341] Adding entry into typings cache: 'tryer' => '/home/lesliebinbin/.cache/typescript/4.1/node_modules/@types/tryer/index.d.ts'
[21:06:36.342] Adding entry into typings cache: 'turbolinks' => '/home/lesliebinbin/.cache/typescript/4.1/node_modules/@types/turbolinks/index.d.ts'
[21:06:36.343] Adding entry into typings cache: 'type-check' => '/home/lesliebinbin/.cache/typescript/4.1/node_modules/@types/type-check/index.d.ts'
[21:06:36.344] Adding entry into typings cache: 'type-is' => '/home/lesliebinbin/.cache/typescript/4.1/node_modules/@types/type-is/index.d.ts'
[21:06:36.345] Adding entry into typings cache: 'uglify-js' => '/home/lesliebinbin/.cache/typescript/4.1/node_modules/@types/uglify-js/index.d.ts'
[21:06:36.346] Adding entry into typings cache: 'uniq' => '/home/lesliebinbin/.cache/typescript/4.1/node_modules/@types/uniq/index.d.ts'
[21:06:36.347] Adding entry into typings cache: 'universalify' => '/home/lesliebinbin/.cache/typescript/4.1/node_modules/@types/universalify/index.d.ts'
[21:06:36.349] Adding entry into typings cache: 'urix' => '/home/lesliebinbin/.cache/typescript/4.1/node_modules/@types/urix/index.d.ts'
[21:06:36.350] Adding entry into typings cache: 'url-parse' => '/home/lesliebinbin/.cache/typescript/4.1/node_modules/@types/url-parse/index.d.ts'
[21:06:36.352] Adding entry into typings cache: 'util-deprecate' => '/home/lesliebinbin/.cache/typescript/4.1/node_modules/@types/util-deprecate/index.d.ts'
[21:06:36.353] Adding entry into typings cache: 'util.promisify' => '/home/lesliebinbin/.cache/typescript/4.1/node_modules/@types/util.promisify/index.d.ts'
[21:06:36.354] Adding entry into typings cache: 'utils-merge' => '/home/lesliebinbin/.cache/typescript/4.1/node_modules/@types/utils-merge/index.d.ts'
[21:06:36.355] Adding entry into typings cache: 'uuid' => '/home/lesliebinbin/.cache/typescript/4.1/node_modules/@types/uuid/index.d.ts'
[21:06:36.356] Adding entry into typings cache: 'validate-npm-package-license' => '/home/lesliebinbin/.cache/typescript/4.1/node_modules/@types/validate-npm-package-license/index.d.ts'
[21:06:36.357] Adding entry into typings cache: 'vary' => '/home/lesliebinbin/.cache/typescript/4.1/node_modules/@types/vary/index.d.ts'
[21:06:36.358] Adding entry into typings cache: 'verror' => '/home/lesliebinbin/.cache/typescript/4.1/node_modules/@types/verror/index.d.ts'
[21:06:36.360] Adding entry into typings cache: 'watchpack' => '/home/lesliebinbin/.cache/typescript/4.1/node_modules/@types/watchpack/index.d.ts'
[21:06:36.361] Adding entry into typings cache: 'wcwidth' => '/home/lesliebinbin/.cache/typescript/4.1/node_modules/@types/wcwidth/index.d.ts'
[21:06:36.362] Adding entry into typings cache: 'webpack' => '/home/lesliebinbin/.cache/typescript/4.1/node_modules/webpack/types.d.ts'
[21:06:36.363] Adding entry into typings cache: 'webpack-bundle-analyzer' => '/home/lesliebinbin/.cache/typescript/4.1/node_modules/@types/webpack-bundle-analyzer/index.d.ts'
[21:06:36.364] Adding entry into typings cache: 'webpack-dev-middleware' => '/home/lesliebinbin/.cache/typescript/4.1/node_modules/@types/webpack-dev-middleware/index.d.ts'
[21:06:36.365] Adding entry into typings cache: 'webpack-dev-server' => '/home/lesliebinbin/.cache/typescript/4.1/node_modules/@types/webpack-dev-server/index.d.ts'
[21:06:36.366] Adding entry into typings cache: 'webpack-merge' => '/home/lesliebinbin/.cache/typescript/4.1/node_modules/@types/webpack-merge/index.d.ts'
[21:06:36.368] Adding entry into typings cache: 'webpack-sources' => '/home/lesliebinbin/.cache/typescript/4.1/node_modules/@types/webpack-sources/index.d.ts'
[21:06:36.370] Adding entry into typings cache: 'which' => '/home/lesliebinbin/.cache/typescript/4.1/node_modules/@types/which/index.d.ts'
[21:06:36.371] Adding entry into typings cache: 'wrap-ansi' => '/home/lesliebinbin/.cache/typescript/4.1/node_modules/@types/wrap-ansi/index.d.ts'
[21:06:36.372] Adding entry into typings cache: 'write' => '/home/lesliebinbin/.cache/typescript/4.1/node_modules/@types/write/index.d.ts'
[21:06:36.373] Adding entry into typings cache: 'ws' => '/home/lesliebinbin/.cache/typescript/4.1/node_modules/@types/ws/index.d.ts'
[21:06:36.374] Adding entry into typings cache: 'xtend' => '/home/lesliebinbin/.cache/typescript/4.1/node_modules/@types/xtend/index.d.ts'
[21:06:36.376] Adding entry into typings cache: 'y18n' => '/home/lesliebinbin/.cache/typescript/4.1/node_modules/@types/y18n/index.d.ts'
[21:06:36.376] Adding entry into typings cache: 'yallist' => '/home/lesliebinbin/.cache/typescript/4.1/node_modules/@types/yallist/index.d.ts'
[21:06:36.377] Adding entry into typings cache: 'yargs' => '/home/lesliebinbin/.cache/typescript/4.1/node_modules/@types/yargs/index.d.ts'
[21:06:36.378] Adding entry into typings cache: 'yargs-parser' => '/home/lesliebinbin/.cache/typescript/4.1/node_modules/@types/yargs-parser/index.d.ts'
[21:06:36.378] Finished processing cache location '/home/lesliebinbin/.cache/typescript/4.1'
[21:06:36.378] Process id: 122010
[21:06:36.378] NPM location: /home/lesliebinbin/.nvm/versions/node/v14.15.4/bin/npm (explicit '--npmLocation' not  provided)
[21:06:36.378] validateDefaultNpmLocation: false
[21:06:36.378] Npm config file: /home/lesliebinbin/.cache/typescript/4.1/package.json
[21:06:36.379] Updating types-registry npm package...
[21:06:36.379] Exec: /home/lesliebinbin/.nvm/versions/node/v14.15.4/bin/npm install --ignore-scripts types-registry@latest
[21:06:40.883]     Succeeded. stdout:
    + types-registry@0.1.534
    updated 1 package and audited 623 packages in 3.763s

12 packages are looking for funding
  run `npm fund` for details

found 0 vulnerabilities


[21:06:40.884] Updated types-registry npm package
[21:06:40.903] Got install request {"projectName":"/dev/null/inferredProject1*","fileNames":["/home/lesliebinbin/.nvm/versions/node/v14.15.4/lib/node_modules/typescript/lib/lib.d.ts","/home/lesliebinbin/.nvm/versions/node/v14.15.4/lib/node_modules/typescript/lib/lib.es5.d.ts","/home/lesliebinbin/.nvm/versions/node/v14.15.4/lib/node_modules/typescript/lib/lib.dom.d.ts","/home/lesliebinbin/.nvm/versions/node/v14.15.4/lib/node_modules/typescript/lib/lib.webworker.importscripts.d.ts","/home/lesliebinbin/.nvm/versions/node/v14.15.4/lib/node_modules/typescript/lib/lib.scripthost.d.ts","/mnt/another-disk/cs_courses/rails-project/soccer-game/app/javascript/cable.js"],"compilerOptions":{"target":1,"jsx":1,"allowNonTsExtensions":true,"allowJs":true,"noEmitForJsFiles":true,"maxNodeModuleJsDepth":2},"typeAcquisition":{"enable":true,"include":[],"exclude":[]},"unresolvedImports":[],"projectRootPath":"/mnt/another-disk/cs_courses/rails-project/soccer-game/app/javascript","kind":"discover"}
[21:06:40.908] Loaded safelist from types map file '/home/lesliebinbin/.nvm/versions/node/v14.15.4/lib/node_modules/typescript/lib/typesMap.json'
[21:06:40.909] Explicitly included types: []
[21:06:40.910] Inferred typings from unresolved imports: []
[21:06:40.910] Result: {"cachedTypingPaths":[],"newTypingNames":[],"filesToWatch":["/mnt/another-disk/cs_courses/rails-project/soccer-game/app/javascript/bower_components","/mnt/another-disk/cs_courses/rails-project/soccer-game/app/javascript/node_modules"]}
[21:06:40.910] Finished typings discovery: {"cachedTypingPaths":[],"newTypingNames":[],"filesToWatch":["/mnt/another-disk/cs_courses/rails-project/soccer-game/app/javascript/bower_components","/mnt/another-disk/cs_courses/rails-project/soccer-game/app/javascript/node_modules"]}
[21:06:40.911] DirectoryWatcher:: Added:: WatchInfo: /mnt/another-disk/cs_courses/rails-project/soccer-game/app/javascript/bower_components
[21:06:40.912] DirectoryWatcher:: Added:: WatchInfo: /mnt/another-disk/cs_courses/rails-project/soccer-game/app/javascript/node_modules
[21:06:40.913] Sending response:
    {"projectName":"/dev/null/inferredProject1*","typeAcquisition":{"enable":true,"include":[],"exclude":[]},"compilerOptions":{"target":1,"jsx":1,"allowNonTsExtensions":true,"allowJs":true,"noEmitForJsFiles":true,"maxNodeModuleJsDepth":2},"typings":[],"unresolvedImports":[],"kind":"action::set"}
[21:06:40.913] Response has been sent.
[21:06:40.913] No new typings were requested as a result of typings discovery
[21:06:50.905] Got install request {"projectName":"/dev/null/inferredProject2*","fileNames":["/home/lesliebinbin/.nvm/versions/node/v14.15.4/lib/node_modules/typescript/lib/lib.d.ts","/home/lesliebinbin/.nvm/versions/node/v14.15.4/lib/node_modules/typescript/lib/lib.es5.d.ts","/home/lesliebinbin/.nvm/versions/node/v14.15.4/lib/node_modules/typescript/lib/lib.dom.d.ts","/home/lesliebinbin/.nvm/versions/node/v14.15.4/lib/node_modules/typescript/lib/lib.webworker.importscripts.d.ts","/home/lesliebinbin/.nvm/versions/node/v14.15.4/lib/node_modules/typescript/lib/lib.scripthost.d.ts","/mnt/another-disk/cs_courses/rails-project/soccer-game/app/javascript/controllers/hello_controller.js"],"compilerOptions":{"target":1,"jsx":1,"allowNonTsExtensions":true,"allowJs":true,"noEmitForJsFiles":true,"maxNodeModuleJsDepth":2},"typeAcquisition":{"enable":true,"include":[],"exclude":[]},"unresolvedImports":[],"projectRootPath":"/mnt/another-disk/cs_courses/rails-project/soccer-game/app/javascript/controllers","kind":"discover"}
[21:06:50.905] Explicitly included types: []
[21:06:50.905] Inferred typings from unresolved imports: []
[21:06:50.905] Result: {"cachedTypingPaths":[],"newTypingNames":[],"filesToWatch":["/mnt/another-disk/cs_courses/rails-project/soccer-game/app/javascript/controllers/bower_components","/mnt/another-disk/cs_courses/rails-project/soccer-game/app/javascript/controllers/node_modules"]}
[21:06:50.905] Finished typings discovery: {"cachedTypingPaths":[],"newTypingNames":[],"filesToWatch":["/mnt/another-disk/cs_courses/rails-project/soccer-game/app/javascript/controllers/bower_components","/mnt/another-disk/cs_courses/rails-project/soccer-game/app/javascript/controllers/node_modules"]}
[21:06:50.905] DirectoryWatcher:: Added:: WatchInfo: /mnt/another-disk/cs_courses/rails-project/soccer-game/app/javascript/controllers/bower_components
[21:06:50.906] DirectoryWatcher:: Added:: WatchInfo: /mnt/another-disk/cs_courses/rails-project/soccer-game/app/javascript/controllers/node_modules
[21:06:50.906] Sending response:
    {"projectName":"/dev/null/inferredProject2*","typeAcquisition":{"enable":true,"include":[],"exclude":[]},"compilerOptions":{"target":1,"jsx":1,"allowNonTsExtensions":true,"allowJs":true,"noEmitForJsFiles":true,"maxNodeModuleJsDepth":2},"typings":[],"unresolvedImports":[],"kind":"action::set"}
[21:06:50.906] Response has been sent.
[21:06:50.906] No new typings were requested as a result of typings discovery
[21:06:53.975] Got install request {"projectName":"/dev/null/inferredProject3*","fileNames":["/home/lesliebinbin/.nvm/versions/node/v14.15.4/lib/node_modules/typescript/lib/lib.d.ts","/home/lesliebinbin/.nvm/versions/node/v14.15.4/lib/node_modules/typescript/lib/lib.es5.d.ts","/home/lesliebinbin/.nvm/versions/node/v14.15.4/lib/node_modules/typescript/lib/lib.dom.d.ts","/home/lesliebinbin/.nvm/versions/node/v14.15.4/lib/node_modules/typescript/lib/lib.webworker.importscripts.d.ts","/home/lesliebinbin/.nvm/versions/node/v14.15.4/lib/node_modules/typescript/lib/lib.scripthost.d.ts","/mnt/another-disk/cs_courses/rails-project/soccer-game/app/javascript/controllers/index.js"],"compilerOptions":{"target":1,"jsx":1,"allowNonTsExtensions":true,"allowJs":true,"noEmitForJsFiles":true,"maxNodeModuleJsDepth":2},"typeAcquisition":{"enable":true,"include":[],"exclude":[]},"unresolvedImports":[],"projectRootPath":"/mnt/another-disk/cs_courses/rails-project/soccer-game/app/javascript/controllers","kind":"discover"}
[21:06:53.975] Explicitly included types: []
[21:06:53.975] Inferred typings from unresolved imports: []
[21:06:53.976] Result: {"cachedTypingPaths":[],"newTypingNames":[],"filesToWatch":["/mnt/another-disk/cs_courses/rails-project/soccer-game/app/javascript/controllers/bower_components","/mnt/another-disk/cs_courses/rails-project/soccer-game/app/javascript/controllers/node_modules"]}
[21:06:53.976] Finished typings discovery: {"cachedTypingPaths":[],"newTypingNames":[],"filesToWatch":["/mnt/another-disk/cs_courses/rails-project/soccer-game/app/javascript/controllers/bower_components","/mnt/another-disk/cs_courses/rails-project/soccer-game/app/javascript/controllers/node_modules"]}
[21:06:53.976] DirectoryWatcher:: Added:: WatchInfo: /mnt/another-disk/cs_courses/rails-project/soccer-game/app/javascript/controllers/bower_components
[21:06:53.976] DirectoryWatcher:: Added:: WatchInfo: /mnt/another-disk/cs_courses/rails-project/soccer-game/app/javascript/controllers/node_modules
[21:06:53.976] Sending response:
    {"projectName":"/dev/null/inferredProject3*","typeAcquisition":{"enable":true,"include":[],"exclude":[]},"compilerOptions":{"target":1,"jsx":1,"allowNonTsExtensions":true,"allowJs":true,"noEmitForJsFiles":true,"maxNodeModuleJsDepth":2},"typings":[],"unresolvedImports":[],"kind":"action::set"}
[21:06:53.976] Response has been sent.
[21:06:53.976] No new typings were requested as a result of typings discovery
[21:21:32.142] Got install request {"projectName":"/dev/null/inferredProject4*","fileNames":["/home/lesliebinbin/.nvm/versions/node/v14.15.4/lib/node_modules/typescript/lib/lib.d.ts","/home/lesliebinbin/.nvm/versions/node/v14.15.4/lib/node_modules/typescript/lib/lib.es5.d.ts","/home/lesliebinbin/.nvm/versions/node/v14.15.4/lib/node_modules/typescript/lib/lib.dom.d.ts","/home/lesliebinbin/.nvm/versions/node/v14.15.4/lib/node_modules/typescript/lib/lib.webworker.importscripts.d.ts","/home/lesliebinbin/.nvm/versions/node/v14.15.4/lib/node_modules/typescript/lib/lib.scripthost.d.ts","/mnt/another-disk/cs_courses/rails-project/soccer-game/app/javascript/controllers/text_input_controller.js"],"compilerOptions":{"target":1,"jsx":1,"allowNonTsExtensions":true,"allowJs":true,"noEmitForJsFiles":true,"maxNodeModuleJsDepth":2},"typeAcquisition":{"enable":true,"include":[],"exclude":[]},"unresolvedImports":[],"projectRootPath":"/mnt/another-disk/cs_courses/rails-project/soccer-game/app/javascript/controllers","kind":"discover"}
[21:21:32.142] Explicitly included types: []
[21:21:32.143] Inferred typings from unresolved imports: []
[21:21:32.143] Result: {"cachedTypingPaths":[],"newTypingNames":[],"filesToWatch":["/mnt/another-disk/cs_courses/rails-project/soccer-game/app/javascript/controllers/bower_components","/mnt/another-disk/cs_courses/rails-project/soccer-game/app/javascript/controllers/node_modules"]}
[21:21:32.143] Finished typings discovery: {"cachedTypingPaths":[],"newTypingNames":[],"filesToWatch":["/mnt/another-disk/cs_courses/rails-project/soccer-game/app/javascript/controllers/bower_components","/mnt/another-disk/cs_courses/rails-project/soccer-game/app/javascript/controllers/node_modules"]}
[21:21:32.143] DirectoryWatcher:: Added:: WatchInfo: /mnt/another-disk/cs_courses/rails-project/soccer-game/app/javascript/controllers/bower_components
[21:21:32.144] DirectoryWatcher:: Added:: WatchInfo: /mnt/another-disk/cs_courses/rails-project/soccer-game/app/javascript/controllers/node_modules
[21:21:32.144] Sending response:
    {"projectName":"/dev/null/inferredProject4*","typeAcquisition":{"enable":true,"include":[],"exclude":[]},"compilerOptions":{"target":1,"jsx":1,"allowNonTsExtensions":true,"allowJs":true,"noEmitForJsFiles":true,"maxNodeModuleJsDepth":2},"typings":[],"unresolvedImports":[],"kind":"action::set"}
[21:21:32.144] Response has been sent.
[21:21:32.144] No new typings were requested as a result of typings discovery
[21:21:32.500] Got install request {"projectName":"/dev/null/inferredProject4*","fileNames":[],"compilerOptions":{"target":1,"jsx":1,"allowNonTsExtensions":true,"allowJs":true,"noEmitForJsFiles":true},"typeAcquisition":{"enable":true,"include":[],"exclude":[]},"unresolvedImports":[],"projectRootPath":"/mnt/another-disk/cs_courses/rails-project/soccer-game/app/javascript/controllers","kind":"discover"}
[21:21:32.501] Explicitly included types: []
[21:21:32.501] Inferred typings from unresolved imports: []
[21:21:32.501] Result: {"cachedTypingPaths":[],"newTypingNames":[],"filesToWatch":["/mnt/another-disk/cs_courses/rails-project/soccer-game/app/javascript/controllers/bower_components","/mnt/another-disk/cs_courses/rails-project/soccer-game/app/javascript/controllers/node_modules"]}
[21:21:32.501] Finished typings discovery: {"cachedTypingPaths":[],"newTypingNames":[],"filesToWatch":["/mnt/another-disk/cs_courses/rails-project/soccer-game/app/javascript/controllers/bower_components","/mnt/another-disk/cs_courses/rails-project/soccer-game/app/javascript/controllers/node_modules"]}
[21:21:32.501] Sending response:
    {"projectName":"/dev/null/inferredProject4*","typeAcquisition":{"enable":true,"include":[],"exclude":[]},"compilerOptions":{"target":1,"jsx":1,"allowNonTsExtensions":true,"allowJs":true,"noEmitForJsFiles":true},"typings":[],"unresolvedImports":[],"kind":"action::set"}
[21:21:32.501] Response has been sent.
[21:21:32.501] No new typings were requested as a result of typings discovery
[21:21:33.183] Got install request {"projectName":"/dev/null/inferredProject4*","fileNames":["/home/lesliebinbin/.nvm/versions/node/v14.15.4/lib/node_modules/typescript/lib/lib.d.ts","/home/lesliebinbin/.nvm/versions/node/v14.15.4/lib/node_modules/typescript/lib/lib.es5.d.ts","/home/lesliebinbin/.nvm/versions/node/v14.15.4/lib/node_modules/typescript/lib/lib.dom.d.ts","/home/lesliebinbin/.nvm/versions/node/v14.15.4/lib/node_modules/typescript/lib/lib.webworker.importscripts.d.ts","/home/lesliebinbin/.nvm/versions/node/v14.15.4/lib/node_modules/typescript/lib/lib.scripthost.d.ts","/mnt/another-disk/cs_courses/rails-project/soccer-game/app/javascript/controllers/text_input_controller.js"],"compilerOptions":{"target":1,"jsx":1,"allowNonTsExtensions":true,"allowJs":true,"noEmitForJsFiles":true,"maxNodeModuleJsDepth":2},"typeAcquisition":{"enable":true,"include":[],"exclude":[]},"unresolvedImports":[],"projectRootPath":"/mnt/another-disk/cs_courses/rails-project/soccer-game/app/javascript/controllers","kind":"discover"}
[21:21:33.183] Explicitly included types: []
[21:21:33.183] Inferred typings from unresolved imports: []
[21:21:33.183] Result: {"cachedTypingPaths":[],"newTypingNames":[],"filesToWatch":["/mnt/another-disk/cs_courses/rails-project/soccer-game/app/javascript/controllers/bower_components","/mnt/another-disk/cs_courses/rails-project/soccer-game/app/javascript/controllers/node_modules"]}
[21:21:33.183] Finished typings discovery: {"cachedTypingPaths":[],"newTypingNames":[],"filesToWatch":["/mnt/another-disk/cs_courses/rails-project/soccer-game/app/javascript/controllers/bower_components","/mnt/another-disk/cs_courses/rails-project/soccer-game/app/javascript/controllers/node_modules"]}
[21:21:33.184] Sending response:
    {"projectName":"/dev/null/inferredProject4*","typeAcquisition":{"enable":true,"include":[],"exclude":[]},"compilerOptions":{"target":1,"jsx":1,"allowNonTsExtensions":true,"allowJs":true,"noEmitForJsFiles":true,"maxNodeModuleJsDepth":2},"typings":[],"unresolvedImports":[],"kind":"action::set"}
[21:21:33.184] Response has been sent.
[21:21:33.184] No new typings were requested as a result of typings discovery
[21:21:50.544] Got install request {"projectName":"/dev/null/inferredProject4*","fileNames":["/home/lesliebinbin/.nvm/versions/node/v14.15.4/lib/node_modules/typescript/lib/lib.d.ts","/home/lesliebinbin/.nvm/versions/node/v14.15.4/lib/node_modules/typescript/lib/lib.es5.d.ts","/home/lesliebinbin/.nvm/versions/node/v14.15.4/lib/node_modules/typescript/lib/lib.dom.d.ts","/home/lesliebinbin/.nvm/versions/node/v14.15.4/lib/node_modules/typescript/lib/lib.webworker.importscripts.d.ts","/home/lesliebinbin/.nvm/versions/node/v14.15.4/lib/node_modules/typescript/lib/lib.scripthost.d.ts","/mnt/another-disk/cs_courses/rails-project/soccer-game/app/javascript/controllers/text_input_controller.js"],"compilerOptions":{"target":1,"jsx":1,"allowNonTsExtensions":true,"allowJs":true,"noEmitForJsFiles":true,"maxNodeModuleJsDepth":2},"typeAcquisition":{"enable":true,"include":[],"exclude":[]},"unresolvedImports":["sti"],"projectRootPath":"/mnt/another-disk/cs_courses/rails-project/soccer-game/app/javascript/controllers","kind":"discover"}
[21:21:50.544] Explicitly included types: []
[21:21:50.544] Inferred typings from unresolved imports: ["sti"]
[21:21:50.545] Result: {"cachedTypingPaths":[],"newTypingNames":["sti"],"filesToWatch":["/mnt/another-disk/cs_courses/rails-project/soccer-game/app/javascript/controllers/bower_components","/mnt/another-disk/cs_courses/rails-project/soccer-game/app/javascript/controllers/node_modules"]}
[21:21:50.545] Finished typings discovery: {"cachedTypingPaths":[],"newTypingNames":["sti"],"filesToWatch":["/mnt/another-disk/cs_courses/rails-project/soccer-game/app/javascript/controllers/bower_components","/mnt/another-disk/cs_courses/rails-project/soccer-game/app/javascript/controllers/node_modules"]}
[21:21:50.545] Installing typings ["sti"]
[21:21:50.545] 'sti':: Entry for package 'sti' does not exist in local types registry - skipping...
[21:21:50.545] All typings are known to be missing or invalid - no need to install more typings
[21:21:50.545] Sending response:
    {"projectName":"/dev/null/inferredProject4*","typeAcquisition":{"enable":true,"include":[],"exclude":[]},"compilerOptions":{"target":1,"jsx":1,"allowNonTsExtensions":true,"allowJs":true,"noEmitForJsFiles":true,"maxNodeModuleJsDepth":2},"typings":[],"unresolvedImports":["sti"],"kind":"action::set"}
[21:21:50.545] Response has been sent.
[21:21:52.466] Got install request {"projectName":"/dev/null/inferredProject4*","fileNames":["/home/lesliebinbin/.nvm/versions/node/v14.15.4/lib/node_modules/typescript/lib/lib.d.ts","/home/lesliebinbin/.nvm/versions/node/v14.15.4/lib/node_modules/typescript/lib/lib.es5.d.ts","/home/lesliebinbin/.nvm/versions/node/v14.15.4/lib/node_modules/typescript/lib/lib.dom.d.ts","/home/lesliebinbin/.nvm/versions/node/v14.15.4/lib/node_modules/typescript/lib/lib.webworker.importscripts.d.ts","/home/lesliebinbin/.nvm/versions/node/v14.15.4/lib/node_modules/typescript/lib/lib.scripthost.d.ts","/mnt/another-disk/cs_courses/rails-project/soccer-game/app/javascript/controllers/text_input_controller.js"],"compilerOptions":{"target":1,"jsx":1,"allowNonTsExtensions":true,"allowJs":true,"noEmitForJsFiles":true,"maxNodeModuleJsDepth":2},"typeAcquisition":{"enable":true,"include":[],"exclude":[]},"unresolvedImports":["stim"],"projectRootPath":"/mnt/another-disk/cs_courses/rails-project/soccer-game/app/javascript/controllers","kind":"discover"}
[21:21:52.466] Explicitly included types: []
[21:21:52.466] Inferred typings from unresolved imports: ["stim"]
[21:21:52.466] Result: {"cachedTypingPaths":[],"newTypingNames":["stim"],"filesToWatch":["/mnt/another-disk/cs_courses/rails-project/soccer-game/app/javascript/controllers/bower_components","/mnt/another-disk/cs_courses/rails-project/soccer-game/app/javascript/controllers/node_modules"]}
[21:21:52.467] Finished typings discovery: {"cachedTypingPaths":[],"newTypingNames":["stim"],"filesToWatch":["/mnt/another-disk/cs_courses/rails-project/soccer-game/app/javascript/controllers/bower_components","/mnt/another-disk/cs_courses/rails-project/soccer-game/app/javascript/controllers/node_modules"]}
[21:21:52.467] Installing typings ["stim"]
[21:21:52.467] 'stim':: Entry for package 'stim' does not exist in local types registry - skipping...
[21:21:52.467] All typings are known to be missing or invalid - no need to install more typings
[21:21:52.467] Sending response:
    {"projectName":"/dev/null/inferredProject4*","typeAcquisition":{"enable":true,"include":[],"exclude":[]},"compilerOptions":{"target":1,"jsx":1,"allowNonTsExtensions":true,"allowJs":true,"noEmitForJsFiles":true,"maxNodeModuleJsDepth":2},"typings":[],"unresolvedImports":["stim"],"kind":"action::set"}
[21:21:52.467] Response has been sent.
[21:21:52.504] Got install request {"projectName":"/dev/null/inferredProject4*","fileNames":["/home/lesliebinbin/.nvm/versions/node/v14.15.4/lib/node_modules/typescript/lib/lib.d.ts","/home/lesliebinbin/.nvm/versions/node/v14.15.4/lib/node_modules/typescript/lib/lib.es5.d.ts","/home/lesliebinbin/.nvm/versions/node/v14.15.4/lib/node_modules/typescript/lib/lib.dom.d.ts","/home/lesliebinbin/.nvm/versions/node/v14.15.4/lib/node_modules/typescript/lib/lib.webworker.importscripts.d.ts","/home/lesliebinbin/.nvm/versions/node/v14.15.4/lib/node_modules/typescript/lib/lib.scripthost.d.ts","/mnt/another-disk/cs_courses/rails-project/soccer-game/app/javascript/controllers/text_input_controller.js"],"compilerOptions":{"target":1,"jsx":1,"allowNonTsExtensions":true,"allowJs":true,"noEmitForJsFiles":true,"maxNodeModuleJsDepth":2},"typeAcquisition":{"enable":true,"include":[],"exclude":[]},"unresolvedImports":["stimu"],"projectRootPath":"/mnt/another-disk/cs_courses/rails-project/soccer-game/app/javascript/controllers","kind":"discover"}
[21:21:52.505] Explicitly included types: []
[21:21:52.505] Inferred typings from unresolved imports: ["stimu"]
[21:21:52.506] Result: {"cachedTypingPaths":[],"newTypingNames":["stimu"],"filesToWatch":["/mnt/another-disk/cs_courses/rails-project/soccer-game/app/javascript/controllers/bower_components","/mnt/another-disk/cs_courses/rails-project/soccer-game/app/javascript/controllers/node_modules"]}
[21:21:52.506] Finished typings discovery: {"cachedTypingPaths":[],"newTypingNames":["stimu"],"filesToWatch":["/mnt/another-disk/cs_courses/rails-project/soccer-game/app/javascript/controllers/bower_components","/mnt/another-disk/cs_courses/rails-project/soccer-game/app/javascript/controllers/node_modules"]}
[21:21:52.506] Installing typings ["stimu"]
[21:21:52.506] 'stimu':: Entry for package 'stimu' does not exist in local types registry - skipping...
[21:21:52.506] All typings are known to be missing or invalid - no need to install more typings
[21:21:52.506] Sending response:
    {"projectName":"/dev/null/inferredProject4*","typeAcquisition":{"enable":true,"include":[],"exclude":[]},"compilerOptions":{"target":1,"jsx":1,"allowNonTsExtensions":true,"allowJs":true,"noEmitForJsFiles":true,"maxNodeModuleJsDepth":2},"typings":[],"unresolvedImports":["stimu"],"kind":"action::set"}
[21:21:52.506] Response has been sent.
[21:21:54.403] Got install request {"projectName":"/dev/null/inferredProject4*","fileNames":["/home/lesliebinbin/.nvm/versions/node/v14.15.4/lib/node_modules/typescript/lib/lib.d.ts","/home/lesliebinbin/.nvm/versions/node/v14.15.4/lib/node_modules/typescript/lib/lib.es5.d.ts","/home/lesliebinbin/.nvm/versions/node/v14.15.4/lib/node_modules/typescript/lib/lib.dom.d.ts","/home/lesliebinbin/.nvm/versions/node/v14.15.4/lib/node_modules/typescript/lib/lib.webworker.importscripts.d.ts","/home/lesliebinbin/.nvm/versions/node/v14.15.4/lib/node_modules/typescript/lib/lib.scripthost.d.ts","/mnt/another-disk/cs_courses/rails-project/soccer-game/app/javascript/controllers/text_input_controller.js"],"compilerOptions":{"target":1,"jsx":1,"allowNonTsExtensions":true,"allowJs":true,"noEmitForJsFiles":true,"maxNodeModuleJsDepth":2},"typeAcquisition":{"enable":true,"include":[],"exclude":[]},"unresolvedImports":[],"projectRootPath":"/mnt/another-disk/cs_courses/rails-project/soccer-game/app/javascript/controllers","kind":"discover"}
[21:21:54.403] Explicitly included types: []
[21:21:54.404] Inferred typings from unresolved imports: []
[21:21:54.404] Result: {"cachedTypingPaths":[],"newTypingNames":[],"filesToWatch":["/mnt/another-disk/cs_courses/rails-project/soccer-game/app/javascript/controllers/bower_components","/mnt/another-disk/cs_courses/rails-project/soccer-game/app/javascript/controllers/node_modules"]}
[21:21:54.404] Finished typings discovery: {"cachedTypingPaths":[],"newTypingNames":[],"filesToWatch":["/mnt/another-disk/cs_courses/rails-project/soccer-game/app/javascript/controllers/bower_components","/mnt/another-disk/cs_courses/rails-project/soccer-game/app/javascript/controllers/node_modules"]}
[21:21:54.404] Sending response:
    {"projectName":"/dev/null/inferredProject4*","typeAcquisition":{"enable":true,"include":[],"exclude":[]},"compilerOptions":{"target":1,"jsx":1,"allowNonTsExtensions":true,"allowJs":true,"noEmitForJsFiles":true,"maxNodeModuleJsDepth":2},"typings":[],"unresolvedImports":[],"kind":"action::set"}
[21:21:54.405] Response has been sent.
[21:21:54.405] No new typings were requested as a result of typings discovery
